#
# A fatal error has been detected by the Java Runtime Environment:
#
#  EXCEPTION_ACCESS_VIOLATION (0xc0000005) at pc=0x00007ff8fcccb319, pid=30276, tid=7552
#
# JRE version: OpenJDK Runtime Environment Temurin-21.0.4+7 (21.0.4+7) (build 21.0.4+7-LTS)
# Java VM: OpenJDK 64-Bit Server VM Temurin-21.0.4+7 (21.0.4+7-LTS, mixed mode, sharing, tiered, compressed oops, compressed class ptrs, g1 gc, windows-amd64)
# Problematic frame:
# C  [awt.dll+0xdb319]
#
# No core dump will be written. Minidumps are not enabled by default on client versions of Windows
#
# If you would like to submit a bug report, please visit:
#   https://github.com/adoptium/adoptium-support/issues
# The crash happened outside the Java Virtual Machine in native code.
# See problematic frame for where to report the bug.
#

---------------  S U M M A R Y ------------

Command Line: -XX:MaxGCPauseMillis=50 -agentlib:jdwp=transport=dt_shmem,address=javadebug -Dfile.encoding=UTF-8 bluej.runtime.ExecServer UTF-8

Host: Intel(R) Core(TM) 7 240H, 16 cores, 15G,  Windows 11 , 64 bit Build 26100 (10.0.26100.8328)
Time: Sun May 24 15:54:06 2026 Hora est嫕dar, Am廨ica Central elapsed time: 662.054582 seconds (0d 0h 11m 2s)

---------------  T H R E A D  ---------------

Current thread (0x0000022ccf381e10):  JavaThread "AWT-EventQueue-0"        [_thread_in_native, id=7552, stack(0x0000003b58400000,0x0000003b58500000) (1024K)]

Stack: [0x0000003b58400000,0x0000003b58500000],  sp=0x0000003b584fee90,  free space=1019k
Native frames: (J=compiled Java code, j=interpreted, Vv=VM code, C=native code)
C  [awt.dll+0xdb319]

Java frames: (J=compiled Java code, j=interpreted, Vv=VM code)
j  sun.awt.Win32GraphicsConfig.getBounds(I)Ljava/awt/Rectangle;+0 java.desktop@21.0.4
j  sun.awt.Win32GraphicsConfig.getBounds()Ljava/awt/Rectangle;+8 java.desktop@21.0.4
j  sun.awt.Win32GraphicsDevice.displayChanged()V+23 java.desktop@21.0.4
j  sun.awt.Win32GraphicsEnvironment.displayChanged()V+271 java.desktop@21.0.4
j  sun.awt.windows.WToolkit.lambda$displayChanged$4()V+15 java.desktop@21.0.4
j  sun.awt.windows.WToolkit$$Lambda+0x0000022c830b0ea0.run()V+0 java.desktop@21.0.4
j  java.awt.event.InvocationEvent.dispatch()V+47 java.desktop@21.0.4
j  java.awt.EventQueue.dispatchEventImpl(Ljava/awt/AWTEvent;Ljava/lang/Object;)V+21 java.desktop@21.0.4
j  java.awt.EventQueue$4.run()Ljava/lang/Void;+32 java.desktop@21.0.4
j  java.awt.EventQueue$4.run()Ljava/lang/Object;+1 java.desktop@21.0.4
J 1067 c1 java.security.AccessController.executePrivileged(Ljava/security/PrivilegedAction;Ljava/security/AccessControlContext;Ljava/lang/Class;)Ljava/lang/Object; java.base@21.0.4 (65 bytes) @ 0x0000022cea848b54 [0x0000022cea8489e0+0x0000000000000174]
j  java.security.AccessController.doPrivileged(Ljava/security/PrivilegedAction;Ljava/security/AccessControlContext;)Ljava/lang/Object;+13 java.base@21.0.4
j  java.security.ProtectionDomain$JavaSecurityAccessImpl.doIntersectionPrivilege(Ljava/security/PrivilegedAction;Ljava/security/AccessControlContext;Ljava/security/AccessControlContext;)Ljava/lang/Object;+18 java.base@21.0.4
j  java.awt.EventQueue.dispatchEvent(Ljava/awt/AWTEvent;)V+46 java.desktop@21.0.4
j  java.awt.EventDispatchThread.pumpOneEventForFilters(I)V+81 java.desktop@21.0.4
j  java.awt.EventDispatchThread.pumpEventsForFilter(ILjava/awt/Conditional;Ljava/awt/EventFilter;)V+35 java.desktop@21.0.4
j  java.awt.EventDispatchThread.pumpEventsForHierarchy(ILjava/awt/Conditional;Ljava/awt/Component;)V+11 java.desktop@21.0.4
j  java.awt.EventDispatchThread.pumpEvents(ILjava/awt/Conditional;)V+4 java.desktop@21.0.4
j  java.awt.EventDispatchThread.pumpEvents(Ljava/awt/Conditional;)V+3 java.desktop@21.0.4
j  java.awt.EventDispatchThread.run()V+9 java.desktop@21.0.4
v  ~StubRoutines::call_stub 0x0000022cf1ad100d

siginfo: EXCEPTION_ACCESS_VIOLATION (0xc0000005), reading address 0x0000000000000028


Registers:
RAX=0x0000000000000000, RBX=0x0000022ccf3d2150, RCX=0x0000000000000000, RDX=0x0000000000000000
RSP=0x0000003b584fee90, RBP=0x0000000000000000, RSI=0x0000000000000000, RDI=0x0000000000000000
R8 =0x0000000000000001, R9 =0x0000003b56f0d000, R10=0x0000022ccf3d23d0, R11=0x0000022cc33955f8
R12=0x0000000000000000, R13=0x0000022cc83c6988, R14=0x0000022ccf3d71e0, R15=0x0000000000000000
RIP=0x00007ff8fcccb319, EFLAGS=0x0000000000010246


Register to memory mapping:

RAX=0x0 is null
RBX=0x0000022ccf3d2150 points into unknown readable memory: 0x0000022cc90233e0 | e0 33 02 c9 2c 02 00 00
RCX=0x0 is null
RDX=0x0 is null
RSP=0x0000003b584fee90 is pointing into the stack for thread: 0x0000022ccf381e10
RBP=0x0 is null
RSI=0x0 is null
RDI=0x0 is null
R8 =0x0000000000000001 is an unknown value
R9 =0x0000003b56f0d000 points into unknown readable memory: 0x0000000000000000 | 00 00 00 00 00 00 00 00
R10=0x0000022ccf3d23d0 points into unknown readable memory: 0x0000001e00000003 | 03 00 00 00 1e 00 00 00
R11={method} {0x0000022cc3395600} '<init>' '(IIII)V' in 'java/awt/Rectangle'
R12=0x0 is null
R13=0x0000022cc83c6988 points into unknown readable memory: 0x0000022cc33955f8 | f8 55 39 c3 2c 02 00 00
R14=0x0000022ccf3d71e0 points into unknown readable memory: 0x0000000704b1a940 | 40 a9 b1 04 07 00 00 00
R15=0x0 is null

Top of Stack: (sp=0x0000003b584fee90)
0x0000003b584fee90:   00007ff8fcd2a848 0000022ccf3d2150
0x0000003b584feea0:   0000022ccf3821c8 0000022ccf3d2150
0x0000003b584feeb0:   0000022ccf3821c8 00007ff8fccca6a8
0x0000003b584feec0:   0000022ccf3d2150 0000022ccf3d2150
0x0000003b584feed0:   00000000000002ce 0000022ccf3821c8
0x0000003b584feee0:   0000003b584fefe0 00007ff8b77f6365
0x0000003b584feef0:   0000003b584fef10 0000022ccf381e10
0x0000003b584fef00:   0000000000000000 0000000000000000
0x0000003b584fef10:   0000fd368ac39b74 0000022ccf381e10
0x0000003b584fef20:   0000022ccf381e10 0000003b584ff008
0x0000003b584fef30:   0000022cc33cfaa0 0000000000000000
0x0000003b584fef40:   0000000704b16ce8 00000000000002ce
0x0000003b584fef50:   0000003b584fefe0 0000022cf1ae07b6
0x0000003b584fef60:   0000000704b16ce8 0000022cc33cfaa0
0x0000003b584fef70:   0000022cc33cfaa0 00000000000002ce
0x0000003b584fef80:   0000022cc33c32e8 00000000000002ce
0x0000003b584fef90:   0000022cf1ae00bf 0000003b584fef98
0x0000003b584fefa0:   0000022cc33cfaa0 0000000000000005
0x0000003b584fefb0:   0000022cc33d1eb8 0000000000000000
0x0000003b584fefc0:   0000000704b15e50 0000022cc33cfaa0
0x0000003b584fefd0:   0000000000000000 0000003b584ff000
0x0000003b584fefe0:   0000003b584ff058 0000022cf1ad96b9
0x0000003b584feff0:   0000000000000000 0000022cf1adc6fa
0x0000003b584ff000:   0000000000000000 000000070615caa8
0x0000003b584ff010:   0000003b584ff010 0000022cc33cfb48
0x0000003b584ff020:   0000000000000002 0000022cc33d1eb8
0x0000003b584ff030:   0000000000000000 0000000704b15e50
0x0000003b584ff040:   0000022cc33cfb60 0000003b584ff000
0x0000003b584ff050:   0000003b584ff068 0000003b584ff0b8
0x0000003b584ff060:   0000022cf1ad96b9 000000070615caa8
0x0000003b584ff070:   0000003b584ff070 0000022cc33c4dcf
0x0000003b584ff080:   0000000000000003 0000022cc33c5ee8 

Instructions: (pc=0x00007ff8fcccb319)
0x00007ff8fcccb219:   cc cc cc cc cc cc cc 48 89 5c 24 08 48 89 6c 24
0x00007ff8fcccb229:   10 48 89 74 24 18 57 48 83 ec 20 41 8b f8 0f b6
0x00007ff8fcccb239:   f2 48 8b e9 e8 0e cb f4 ff 48 8b d8 48 89 44 24
0x00007ff8fcccb249:   48 41 b8 01 00 00 00 8b d7 48 8b c8 e8 66 ca f4
0x00007ff8fcccb259:   ff 48 8b c8 44 0f b6 c6 48 8b d5 e8 97 fa ff ff
0x00007ff8fcccb269:   48 8b f8 48 8b cb e8 9c cc f4 ff 90 48 8b c7 48
0x00007ff8fcccb279:   8b 5c 24 30 48 8b 6c 24 38 48 8b 74 24 40 48 83
0x00007ff8fcccb289:   c4 20 5f c3 cc cc cc 48 8b 49 28 e9 37 07 00 00
0x00007ff8fcccb299:   cc cc cc cc cc cc cc 48 89 5c 24 08 57 48 83 ec
0x00007ff8fcccb2a9:   20 8b f9 e8 9f ca f4 ff 48 8b d8 48 89 44 24 38
0x00007ff8fcccb2b9:   41 b8 01 00 00 00 8b d7 48 8b c8 e8 f7 c9 f4 ff
0x00007ff8fcccb2c9:   48 8b 08 8b 39 48 8b cb e8 3a cc f4 ff 90 8b c7
0x00007ff8fcccb2d9:   48 8b 5c 24 30 48 83 c4 20 5f c3 cc cc cc cc cc
0x00007ff8fcccb2e9:   cc cc cc cc cc cc cc 48 89 5c 24 08 57 48 83 ec
0x00007ff8fcccb2f9:   20 8b f9 e8 4f ca f4 ff 48 8b d8 48 89 44 24 38
0x00007ff8fcccb309:   41 b8 01 00 00 00 8b d7 48 8b c8 e8 a7 c9 f4 ff
0x00007ff8fcccb319:   48 8b 78 28 48 8b cb e8 eb cb f4 ff 90 48 8b c7
0x00007ff8fcccb329:   48 8b 5c 24 30 48 83 c4 20 5f c3 cc cc cc cc cc
0x00007ff8fcccb339:   cc cc cc cc cc cc cc 48 89 5c 24 08 57 48 83 ec
0x00007ff8fcccb349:   20 8b f9 e8 ff c9 f4 ff 48 8b d8 48 89 44 24 38
0x00007ff8fcccb359:   41 b8 01 00 00 00 8b d7 48 8b c8 e8 57 c9 f4 ff
0x00007ff8fcccb369:   48 8b 78 30 48 8b cb e8 9b cb f4 ff 90 48 8b c7
0x00007ff8fcccb379:   48 8b 5c 24 30 48 83 c4 20 5f c3 cc cc cc cc cc
0x00007ff8fcccb389:   cc cc cc cc cc cc cc 48 89 5c 24 08 57 48 83 ec
0x00007ff8fcccb399:   20 8b f9 e8 af c9 f4 ff 48 8b d8 48 89 44 24 38
0x00007ff8fcccb3a9:   41 b8 01 00 00 00 8b d7 48 8b c8 e8 07 c9 f4 ff
0x00007ff8fcccb3b9:   48 8b 78 08 48 85 ff 74 07 48 8b bf 08 0c 00 00
0x00007ff8fcccb3c9:   48 8b cb e8 3f cb f4 ff 90 48 8b c7 48 8b 5c 24
0x00007ff8fcccb3d9:   30 48 83 c4 20 5f c3 f3 0f 10 41 48 c3 cc cc cc
0x00007ff8fcccb3e9:   cc cc cc cc cc cc cc f3 0f 10 41 4c c3 cc cc cc
0x00007ff8fcccb3f9:   cc cc cc cc cc cc cc 48 89 5c 24 10 48 89 6c 24
0x00007ff8fcccb409:   18 48 89 74 24 20 57 48 81 ec 20 01 00 00 48 8b 


Stack slot to memory mapping:

stack at sp + 0 slots: 0x00007ff8fcd2a848 awt.dll
stack at sp + 1 slots: 0x0000022ccf3d2150 points into unknown readable memory: 0x0000022cc90233e0 | e0 33 02 c9 2c 02 00 00
stack at sp + 2 slots: 0x0000022ccf3821c8 points into unknown readable memory: 0x00007ff8b80447b0 | b0 47 04 b8 f8 7f 00 00
stack at sp + 3 slots: 0x0000022ccf3d2150 points into unknown readable memory: 0x0000022cc90233e0 | e0 33 02 c9 2c 02 00 00
stack at sp + 4 slots: 0x0000022ccf3821c8 points into unknown readable memory: 0x00007ff8b80447b0 | b0 47 04 b8 f8 7f 00 00
stack at sp + 5 slots: 0x00007ff8fccca6a8 awt.dll
stack at sp + 6 slots: 0x0000022ccf3d2150 points into unknown readable memory: 0x0000022cc90233e0 | e0 33 02 c9 2c 02 00 00
stack at sp + 7 slots: 0x0000022ccf3d2150 points into unknown readable memory: 0x0000022cc90233e0 | e0 33 02 c9 2c 02 00 00


Compiled method (c1)  662182 1067       3       java.security.AccessController::executePrivileged (65 bytes)
 total in heap  [0x0000022cea848810,0x0000022cea848e10] = 1536
 relocation     [0x0000022cea848968,0x0000022cea8489d0] = 104
 main code      [0x0000022cea8489e0,0x0000022cea848ca8] = 712
 stub code      [0x0000022cea848ca8,0x0000022cea848d00] = 88
 metadata       [0x0000022cea848d00,0x0000022cea848d10] = 16
 scopes data    [0x0000022cea848d10,0x0000022cea848d78] = 104
 scopes pcs     [0x0000022cea848d78,0x0000022cea848df8] = 128
 dependencies   [0x0000022cea848df8,0x0000022cea848e00] = 8
 nul chk table  [0x0000022cea848e00,0x0000022cea848e10] = 16

[Constant Pool (empty)]

[MachCode]
[Verified Entry Point]
  # {method} {0x0000022c8247a4c0} 'executePrivileged' '(Ljava/security/PrivilegedAction;Ljava/security/AccessControlContext;Ljava/lang/Class;)Ljava/lang/Object;' in 'java/security/AccessController'
  # parm0:    rdx:rdx   = 'java/security/PrivilegedAction'
  # parm1:    r8:r8     = 'java/security/AccessControlContext'
  # parm2:    r9:r9     = 'java/lang/Class'
  #           [sp+0x50]  (sp of caller)
  0x0000022cea8489e0: 8984 2400 | 80ff ff55 | 4883 ec40 | 4181 7f20 | 1500 0000 

  0x0000022cea8489f4: ;   {runtime_call StubRoutines (final stubs)}
  0x0000022cea8489f4: 7405 e865 | c32b 0748 | 8954 2420 

  0x0000022cea848a00: ;   {metadata(method data for {method} {0x0000022c8247a4c0} 'executePrivileged' '(Ljava/security/PrivilegedAction;Ljava/security/AccessControlContext;Ljava/lang/Class;)Ljava/lang/Object;' in 'java/security/AccessController')}
  0x0000022cea848a00: 48be 40d7 | 0bc3 2c02 | 0000 8bbe | cc00 0000 | 83c7 0289 | becc 0000 | 0081 e7fe | 0700 0085 
  0x0000022cea848a20: ff0f 84d9 | 0100 004d 

  0x0000022cea848a28: ;   {metadata(method data for {method} {0x0000022c8247a4c0} 'executePrivileged' '(Ljava/security/PrivilegedAction;Ljava/security/AccessControlContext;Ljava/lang/Class;)Ljava/lang/Object;' in 'java/security/AccessController')}
  0x0000022cea848a28: 85c0 48be | 40d7 0bc3 | 2c02 0000 | 48bf 2001 | 0000 0000 | 0000 750a | 48bf 1001 | 0000 0000 
  0x0000022cea848a48: 0000 488b | 1c3e 488d | 5b01 4889 | 1c3e 4c89 | 4c24 280f | 850a 0000 | 004c 8944 | 2430 e929 
  0x0000022cea848a68: ;   {metadata(method data for {method} {0x0000022c8247a4c0} 'executePrivileged' '(Ljava/security/PrivilegedAction;Ljava/security/AccessControlContext;Ljava/lang/Class;)Ljava/lang/Object;' in 'java/security/AccessController')}
  0x0000022cea848a68: 0000 0048 | be40 d70b | c32c 0200 | 0048 8386 | 3001 0000 | 0149 8bd0 | 4c89 4424 

  0x0000022cea848a84: ;   {static_call}
  0x0000022cea848a84: 3066 90e8 

  0x0000022cea848a88: ; ImmutableOopMap {[32]=Oop [40]=Oop [48]=Oop }
                      ;*invokestatic ensureMaterializedForStackWalk {reexecute=0 rethrow=0 return_oop=0}
                      ; - java.security.AccessController::executePrivileged@5 (line 774)
  0x0000022cea848a88: 3002 0000 

  0x0000022cea848a8c: ;   {other}
  0x0000022cea848a8c: 0f1f 8400 | 7c02 0000 

  0x0000022cea848a94: ;   {metadata(method data for {method} {0x0000022c8247a4c0} 'executePrivileged' '(Ljava/security/PrivilegedAction;Ljava/security/AccessControlContext;Ljava/lang/Class;)Ljava/lang/Object;' in 'java/security/AccessController')}
  0x0000022cea848a94: 48ba 40d7 | 0bc3 2c02 | 0000 ff82 | 4001 0000 | 488b 5424 | 2048 3b02 

  0x0000022cea848aac: ;   {metadata(method data for {method} {0x0000022c8247a4c0} 'executePrivileged' '(Ljava/security/PrivilegedAction;Ljava/security/AccessControlContext;Ljava/lang/Class;)Ljava/lang/Object;' in 'java/security/AccessController')}
  0x0000022cea848aac: 488b f248 | bf40 d70b | c32c 0200 | 008b 7608 | 49ba 0000 | 0082 2c02 | 0000 4903 | f248 3bb7 
  0x0000022cea848acc: b001 0000 | 750d 4883 | 87b8 0100 | 0001 e960 | 0000 0048 | 3bb7 c001 | 0000 750d | 4883 87c8 
  0x0000022cea848aec: 0100 0001 | e94a 0000 | 0048 83bf | b001 0000 | 0075 1748 | 89b7 b001 | 0000 48c7 | 87b8 0100 
  0x0000022cea848b0c: 0001 0000 | 00e9 2900 | 0000 4883 | bfc0 0100 | 0000 7517 | 4889 b7c0 | 0100 0048 | c787 c801 
  0x0000022cea848b2c: 0000 0100 | 0000 e908 | 0000 0048 | 8387 a001 | 0000 0148 | 8bf2 488b | d648 b8d0 | 5035 c82c 
  0x0000022cea848b4c: ;   {virtual_call}
  0x0000022cea848b4c: 0200 00e8 

  0x0000022cea848b50: ; ImmutableOopMap {[32]=Oop [40]=Oop [48]=Oop }
                      ;*invokeinterface run {reexecute=0 rethrow=0 return_oop=0}
                      ; - java.security.AccessController::executePrivileged@29 (line 778)
  0x0000022cea848b50: bc49 3b07 

  0x0000022cea848b54: ;   {other}
  0x0000022cea848b54: 0f1f 8400 | 4403 0001 

  0x0000022cea848b5c: ;   {metadata(method data for {method} {0x0000022c8247a4c0} 'executePrivileged' '(Ljava/security/PrivilegedAction;Ljava/security/AccessControlContext;Ljava/lang/Class;)Ljava/lang/Object;' in 'java/security/AccessController')}
  0x0000022cea848b5c: 48be 40d7 | 0bc3 2c02 | 0000 ff86 | d801 0000 | 4c8b 4c24 | 284c 8b44 | 2430 488b 

  0x0000022cea848b78: ;   {metadata(method data for {method} {0x0000022c8247a4c0} 'executePrivileged' '(Ljava/security/PrivilegedAction;Ljava/security/AccessControlContext;Ljava/lang/Class;)Ljava/lang/Object;' in 'java/security/AccessController')}
  0x0000022cea848b78: 5424 2048 | be40 d70b | c32c 0200 | 0048 8386 | 3802 0000 

  0x0000022cea848b8c: ;   {metadata(method data for {method} {0x0000022c8203d490} 'reachabilityFence' '(Ljava/lang/Object;)V' in 'java/lang/ref/Reference')}
  0x0000022cea848b8c: 0148 bef8 | 5103 c32c | 0200 008b | becc 0000 | 0083 c702 | 89be cc00 | 0000 81e7 | feff 1f00 
  0x0000022cea848bac: 85ff 0f84 | 7200 0000 

  0x0000022cea848bb4: ;   {metadata(method data for {method} {0x0000022c8247a4c0} 'executePrivileged' '(Ljava/security/PrivilegedAction;Ljava/security/AccessControlContext;Ljava/lang/Class;)Ljava/lang/Object;' in 'java/security/AccessController')}
  0x0000022cea848bb4: 48be 40d7 | 0bc3 2c02 | 0000 4883 | 8648 0200 

  0x0000022cea848bc4: ;   {metadata(method data for {method} {0x0000022c8203d490} 'reachabilityFence' '(Ljava/lang/Object;)V' in 'java/lang/ref/Reference')}
  0x0000022cea848bc4: 0001 48be | f851 03c3 | 2c02 0000 | 8bbe cc00 | 0000 83c7 | 0289 becc | 0000 0081 | e7fe ff1f 
  0x0000022cea848be4: 0085 ff0f | 845a 0000 | 0048 83c4 

  0x0000022cea848bf0: ;   {poll_return}
  0x0000022cea848bf0: 405d 493b | a750 0400 | 000f 8766 | 0000 00c3 

  0x0000022cea848c00: ;   {metadata({method} {0x0000022c8247a4c0} 'executePrivileged' '(Ljava/security/PrivilegedAction;Ljava/security/AccessControlContext;Ljava/lang/Class;)Ljava/lang/Object;' in 'java/security/AccessController')}
  0x0000022cea848c00: 49ba b8a4 | 4782 2c02 | 0000 4c89 | 5424 0848 | c704 24ff 

  0x0000022cea848c14: ;   {runtime_call counter_overflow Runtime1 stub}
  0x0000022cea848c14: ffff ffe8 

  0x0000022cea848c18: ; ImmutableOopMap {rdx=Oop r8=Oop r9=Oop [32]=Oop }
                      ;*synchronization entry
                      ; - java.security.AccessController::executePrivileged@-1 (line 773)
  0x0000022cea848c18: e4f2 3a07 | e906 feff 

  0x0000022cea848c20: ;   {runtime_call throw_null_pointer_exception Runtime1 stub}
  0x0000022cea848c20: ffe8 5a8b 

  0x0000022cea848c24: ; ImmutableOopMap {rdx=Oop [32]=Oop [40]=Oop [48]=Oop }
                      ;*invokeinterface run {reexecute=0 rethrow=0 return_oop=0}
                      ; - java.security.AccessController::executePrivileged@29 (line 778)
                      ;   {metadata({method} {0x0000022c8203d490} 'reachabilityFence' '(Ljava/lang/Object;)V' in 'java/lang/ref/Reference')}
  0x0000022cea848c24: 3a07 49ba | 88d4 0382 | 2c02 0000 | 4c89 5424 | 0848 c704 | 24ff ffff 

  0x0000022cea848c3c: ;   {runtime_call counter_overflow Runtime1 stub}
  0x0000022cea848c3c: ffe8 bef2 

  0x0000022cea848c40: ; ImmutableOopMap {rax=Oop r9=Oop rdx=Oop r8=Oop [32]=Oop }
                      ;*synchronization entry
                      ; - java.lang.ref.Reference::reachabilityFence@-1 (line 628)
                      ; - java.security.AccessController::executePrivileged@56 (line 783)
  0x0000022cea848c40: 3a07 e96d 

  0x0000022cea848c44: ;   {metadata({method} {0x0000022c8203d490} 'reachabilityFence' '(Ljava/lang/Object;)V' in 'java/lang/ref/Reference')}
  0x0000022cea848c44: ffff ff49 | ba88 d403 | 822c 0200 | 004c 8954 | 2408 48c7 | 0424 ffff 

  0x0000022cea848c5c: ;   {runtime_call counter_overflow Runtime1 stub}
  0x0000022cea848c5c: ffff e89d 

  0x0000022cea848c60: ; ImmutableOopMap {rax=Oop r9=Oop rdx=Oop r8=Oop [32]=Oop }
                      ;*synchronization entry
                      ; - java.lang.ref.Reference::reachabilityFence@-1 (line 628)
                      ; - java.security.AccessController::executePrivileged@60 (line 784)
  0x0000022cea848c60: f23a 07eb 

  0x0000022cea848c64: ;   {internal_word}
  0x0000022cea848c64: 8849 baf2 | 8b84 ea2c | 0200 004d | 8997 6804 

  0x0000022cea848c74: ;   {runtime_call SafepointBlob}
  0x0000022cea848c74: 0000 e985 | ca2d 0749 | 8b87 0005 | 0000 49c7 | 8700 0500 | 0000 0000 | 0049 c787 | 0805 0000 
  0x0000022cea848c94: 0000 0000 | 4883 c440 

  0x0000022cea848c9c: ;   {runtime_call unwind_exception Runtime1 stub}
  0x0000022cea848c9c: 5de9 5e72 | 3a07 f4f4 | f4f4 f4f4 
[Stub Code]
  0x0000022cea848ca8: ;   {no_reloc}
  0x0000022cea848ca8: 0f1f 4400 

  0x0000022cea848cac: ;   {static_stub}
  0x0000022cea848cac: 0048 bb00 | 0000 0000 

  0x0000022cea848cb4: ;   {runtime_call}
  0x0000022cea848cb4: 0000 00e9 | fbff ffff 

  0x0000022cea848cbc: ;   {static_stub}
  0x0000022cea848cbc: 48bb e0a2 | 4782 2c02 

  0x0000022cea848cc4: ;   {runtime_call I2C/C2I adapters}
  0x0000022cea848cc4: 0000 e998 

  0x0000022cea848cc8: ;   {runtime_call handle_exception_from_callee Runtime1 stub}
  0x0000022cea848cc8: a72d 07e8 | b0a8 3a07 

  0x0000022cea848cd0: ;   {external_word}
  0x0000022cea848cd0: 48b9 7020 | e1b7 f87f | 0000 4883 

  0x0000022cea848cdc: ;   {runtime_call}
  0x0000022cea848cdc: e4f0 48b8 | 002a a4b7 | f87f 0000 

  0x0000022cea848ce8: ;   {section_word}
  0x0000022cea848ce8: ffd0 f449 | baeb 8c84 | ea2c 0200 

  0x0000022cea848cf4: ;   {runtime_call DeoptimizationBlob}
  0x0000022cea848cf4: 0041 52e9 | a4bc 2d07 | f4f4 f4f4 
[/MachCode]


---------------  P R O C E S S  ---------------

Threads class SMR info:
_java_thread_list=0x0000022cc7824630, length=26, elements={
0x0000022cc70064c0, 0x0000022cc7008f30, 0x0000022cc701e540, 0x0000022cc701efa0,
0x0000022cc702ba70, 0x0000022cc702c4d0, 0x0000022cc7042780, 0x0000022cc7044e40,
0x0000022cc71a84c0, 0x0000022cc719a7b0, 0x0000022cc71b2af0, 0x0000022cc719ae30,
0x0000022cc719b8b0, 0x0000022cc752c490, 0x0000022cc7538400, 0x0000022cc754a650,
0x0000022ce1fa9870, 0x0000022cc83a63e0, 0x0000022cc8af0410, 0x0000022cc8af0aa0,
0x0000022cc8aef6f0, 0x0000022cc8aefd80, 0x0000022ccf384570, 0x0000022ccf385920,
0x0000022ccf383ee0, 0x0000022ccf381e10
}

Java Threads: ( => current thread )
  0x0000022cc70064c0 JavaThread "Reference Handler"          daemon [_thread_blocked, id=22700, stack(0x0000003b57c00000,0x0000003b57d00000) (1024K)]
  0x0000022cc7008f30 JavaThread "Finalizer"                  daemon [_thread_blocked, id=18964, stack(0x0000003b57d00000,0x0000003b57e00000) (1024K)]
  0x0000022cc701e540 JavaThread "Signal Dispatcher"          daemon [_thread_blocked, id=19916, stack(0x0000003b57e00000,0x0000003b57f00000) (1024K)]
  0x0000022cc701efa0 JavaThread "Attach Listener"            daemon [_thread_blocked, id=17020, stack(0x0000003b57f00000,0x0000003b58000000) (1024K)]
  0x0000022cc702ba70 JavaThread "Service Thread"             daemon [_thread_blocked, id=18944, stack(0x0000003b58000000,0x0000003b58100000) (1024K)]
  0x0000022cc702c4d0 JavaThread "Monitor Deflation Thread"   daemon [_thread_blocked, id=9596, stack(0x0000003b58100000,0x0000003b58200000) (1024K)]
  0x0000022cc7042780 JavaThread "C2 CompilerThread0"         daemon [_thread_blocked, id=10476, stack(0x0000003b58200000,0x0000003b58300000) (1024K)]
  0x0000022cc7044e40 JavaThread "C1 CompilerThread0"         daemon [_thread_blocked, id=14548, stack(0x0000003b58300000,0x0000003b58400000) (1024K)]
  0x0000022cc71a84c0 JavaThread "JDWP Transport Listener: dt_shmem" daemon [_thread_blocked, id=27200, stack(0x0000003b58500000,0x0000003b58600000) (1024K)]
  0x0000022cc719a7b0 JavaThread "JDWP Event Helper Thread"   daemon [_thread_blocked, id=19180, stack(0x0000003b58600000,0x0000003b58700000) (1024K)]
  0x0000022cc71b2af0 JavaThread "JDWP Command Reader"        daemon [_thread_in_native, id=22516, stack(0x0000003b58700000,0x0000003b58800000) (1024K)]
  0x0000022cc719ae30 JavaThread "Notification Thread"        daemon [_thread_blocked, id=4232, stack(0x0000003b58800000,0x0000003b58900000) (1024K)]
  0x0000022cc719b8b0 JavaThread "Common-Cleaner"             daemon [_thread_blocked, id=19436, stack(0x0000003b58900000,0x0000003b58a00000) (1024K)]
  0x0000022cc752c490 JavaThread "Java2D Disposer"            daemon [_thread_blocked, id=18700, stack(0x0000003b58b00000,0x0000003b58c00000) (1024K)]
  0x0000022cc7538400 JavaThread "AWT-Windows"                daemon [_thread_in_native, id=6300, stack(0x0000003b58d00000,0x0000003b58e00000) (1024K)]
  0x0000022cc754a650 JavaThread "BlueJ worker thread"               [_thread_blocked, id=9452, stack(0x0000003b58f00000,0x0000003b59000000) (1024K)]
  0x0000022ce1fa9870 JavaThread "DestroyJavaVM"                     [_thread_blocked, id=27472, stack(0x0000003b57400000,0x0000003b57500000) (1024K)]
  0x0000022cc83a63e0 JavaThread "QuantumRenderer-0"          daemon [_thread_blocked, id=9148, stack(0x0000003b59400000,0x0000003b59500000) (1024K)]
  0x0000022cc8af0410 JavaThread "InvokeLaterDispatcher"      daemon [_thread_blocked, id=20148, stack(0x0000003b58a00000,0x0000003b58b00000) (1024K)]
  0x0000022cc8af0aa0 JavaThread "JavaFX Application Thread"         [_thread_in_native, id=29472, stack(0x0000003b5a000000,0x0000003b5a100000) (1024K)]
  0x0000022cc8aef6f0 JavaThread "VMCommsSimulation"                 [_thread_in_native, id=8336, stack(0x0000003b5b400000,0x0000003b5b500000) (1024K)]
  0x0000022cc8aefd80 JavaThread "Thread-2"                   daemon [_thread_in_native, id=6172, stack(0x0000003b58c00000,0x0000003b58d00000) (1024K)]
  0x0000022ccf384570 JavaThread "SimulationThread"                  [_thread_blocked, id=29980, stack(0x0000003b5b500000,0x0000003b5b600000) (1024K)]
  0x0000022ccf385920 JavaThread "main"                              [_thread_blocked, id=16024, stack(0x0000003b57100000,0x0000003b57200000) (1024K)]
  0x0000022ccf383ee0 JavaThread "AWT-Shutdown"                      [_thread_blocked, id=14368, stack(0x0000003b57300000,0x0000003b57400000) (1024K)]
=>0x0000022ccf381e10 JavaThread "AWT-EventQueue-0"                  [_thread_in_native, id=7552, stack(0x0000003b58400000,0x0000003b58500000) (1024K)]
Total: 26

Other Threads:
  0x0000022cffb0ba50 VMThread "VM Thread"                           [id=22056, stack(0x0000003b57b00000,0x0000003b57c00000) (1024K)]
  0x0000022cffaf1fd0 WatcherThread "VM Periodic Task Thread"        [id=29060, stack(0x0000003b57a00000,0x0000003b57b00000) (1024K)]
  0x0000022ce2011bb0 WorkerThread "GC Thread#0"                     [id=3636, stack(0x0000003b57500000,0x0000003b57600000) (1024K)]
  0x0000022cc79c3cc0 WorkerThread "GC Thread#1"                     [id=12936, stack(0x0000003b59500000,0x0000003b59600000) (1024K)]
  0x0000022cc79c4060 WorkerThread "GC Thread#2"                     [id=9328, stack(0x0000003b59600000,0x0000003b59700000) (1024K)]
  0x0000022cc79c4400 WorkerThread "GC Thread#3"                     [id=12232, stack(0x0000003b59700000,0x0000003b59800000) (1024K)]
  0x0000022cc78997a0 WorkerThread "GC Thread#4"                     [id=22908, stack(0x0000003b59800000,0x0000003b59900000) (1024K)]
  0x0000022cc78ac610 WorkerThread "GC Thread#5"                     [id=10132, stack(0x0000003b59900000,0x0000003b59a00000) (1024K)]
  0x0000022cc78ac9b0 WorkerThread "GC Thread#6"                     [id=3208, stack(0x0000003b59a00000,0x0000003b59b00000) (1024K)]
  0x0000022cc78afc20 WorkerThread "GC Thread#7"                     [id=30596, stack(0x0000003b59b00000,0x0000003b59c00000) (1024K)]
  0x0000022cc78affc0 WorkerThread "GC Thread#8"                     [id=24572, stack(0x0000003b59c00000,0x0000003b59d00000) (1024K)]
  0x0000022cc78b03b0 WorkerThread "GC Thread#9"                     [id=11176, stack(0x0000003b59d00000,0x0000003b59e00000) (1024K)]
  0x0000022cc78b15d0 WorkerThread "GC Thread#10"                    [id=25392, stack(0x0000003b59e00000,0x0000003b59f00000) (1024K)]
  0x0000022cc78b0af0 WorkerThread "GC Thread#11"                    [id=13416, stack(0x0000003b59f00000,0x0000003b5a000000) (1024K)]
  0x0000022cc91c1a00 WorkerThread "GC Thread#12"                    [id=13484, stack(0x0000003b5b600000,0x0000003b5b700000) (1024K)]
  0x0000022ce2023d70 ConcurrentGCThread "G1 Main Marker"            [id=29364, stack(0x0000003b57600000,0x0000003b57700000) (1024K)]
  0x0000022ce2024870 WorkerThread "G1 Conc#0"                       [id=30188, stack(0x0000003b57700000,0x0000003b57800000) (1024K)]
  0x0000022cff9c50b0 ConcurrentGCThread "G1 Refine#0"               [id=24812, stack(0x0000003b57800000,0x0000003b57900000) (1024K)]
  0x0000022cff9c6ad0 ConcurrentGCThread "G1 Service"                [id=15900, stack(0x0000003b57900000,0x0000003b57a00000) (1024K)]
Total: 19

Threads with active compile tasks:
Total: 0

VM state: not at safepoint (normal execution)

VM Mutex/Monitor currently owned by a thread: None

Heap address: 0x0000000704a00000, size: 4022 MB, Compressed Oops mode: Zero based, Oop shift amount: 3

CDS archive(s) mapped at: [0x0000022c82000000-0x0000022c82c90000-0x0000022c82c90000), size 13172736, SharedBaseAddress: 0x0000022c82000000, ArchiveRelocationMode: 1.
Compressed class space mapped at: 0x0000022c83000000-0x0000022cc3000000, reserved size: 1073741824
Narrow klass base: 0x0000022c82000000, Narrow klass shift: 0, Narrow klass range: 0x100000000

GC Precious Log:
 CardTable entry size: 512
 Card Set container configuration: InlinePtr #cards 4 size 8 Array Of Cards #cards 16 size 48 Howl #buckets 8 coarsen threshold 3686 Howl Bitmap #cards 512 size 80 coarsen threshold 460 Card regions per heap region 1 cards per card region 4096
 CPUs: 16 total, 16 available
 Memory: 16084M
 Large Page Support: Disabled
 NUMA Support: Disabled
 Compressed Oops: Enabled (Zero based)
 Heap Region Size: 2M
 Heap Min Capacity: 8M
 Heap Initial Capacity: 252M
 Heap Max Capacity: 4022M
 Pre-touch: Disabled
 Parallel Workers: 13
 Concurrent Workers: 3
 Concurrent Refinement Workers: 13
 Periodic GC: Disabled

Heap:
 garbage-first heap   total 28672K, used 9905K [0x0000000704a00000, 0x0000000800000000)
  region size 2048K, 3 young (6144K), 1 survivors (2048K)
 Metaspace       used 9619K, committed 9920K, reserved 1114112K
  class space    used 936K, committed 1088K, reserved 1048576K

Heap Regions: E=young(eden), S=young(survivor), O=old, HS=humongous(starts), HC=humongous(continues), CS=collection set, F=free, TAMS=top-at-mark-start, PB=parsable bottom
|   0|0x0000000704a00000, 0x0000000704bd2530, 0x0000000704c00000| 91%| O|  |TAMS 0x0000000704a00000| PB 0x0000000704a00000| Untracked 
|   1|0x0000000704c00000, 0x0000000704df8410, 0x0000000704e00000| 98%| O|  |TAMS 0x0000000704c00000| PB 0x0000000704c00000| Untracked 
|   2|0x0000000704e00000, 0x0000000704fdf858, 0x0000000705000000| 93%| O|  |TAMS 0x0000000704e00000| PB 0x0000000704e00000| Untracked 
|   3|0x0000000705000000, 0x0000000705000000, 0x0000000705200000|  0%| F|  |TAMS 0x0000000705000000| PB 0x0000000705000000| Untracked 
|   4|0x0000000705200000, 0x0000000705200000, 0x0000000705400000|  0%| F|  |TAMS 0x0000000705200000| PB 0x0000000705200000| Untracked 
|   5|0x0000000705400000, 0x0000000705400000, 0x0000000705600000|  0%| F|  |TAMS 0x0000000705400000| PB 0x0000000705400000| Untracked 
|   6|0x0000000705600000, 0x0000000705600000, 0x0000000705800000|  0%| F|  |TAMS 0x0000000705600000| PB 0x0000000705600000| Untracked 
|   7|0x0000000705800000, 0x00000007058024f0, 0x0000000705a00000|  0%| S|CS|TAMS 0x0000000705800000| PB 0x0000000705800000| Complete 
|   8|0x0000000705a00000, 0x0000000705a00000, 0x0000000705c00000|  0%| F|  |TAMS 0x0000000705a00000| PB 0x0000000705a00000| Untracked 
|   9|0x0000000705c00000, 0x0000000705c00000, 0x0000000705e00000|  0%| F|  |TAMS 0x0000000705c00000| PB 0x0000000705c00000| Untracked 
|  10|0x0000000705e00000, 0x0000000705e00000, 0x0000000706000000|  0%| F|  |TAMS 0x0000000705e00000| PB 0x0000000705e00000| Untracked 
|  11|0x0000000706000000, 0x000000070616d9b0, 0x0000000706200000| 71%| E|  |TAMS 0x0000000706000000| PB 0x0000000706000000| Complete 
|  12|0x0000000706200000, 0x0000000706400000, 0x0000000706400000|100%| E|CS|TAMS 0x0000000706200000| PB 0x0000000706200000| Complete 
| 119|0x0000000713800000, 0x0000000713a00000, 0x0000000713a00000|100%| O|  |TAMS 0x0000000713800000| PB 0x0000000713800000| Untracked 

Card table byte_map: [0x0000022cfa6f0000,0x0000022cfaed0000] _byte_map_base: 0x0000022cf6ecb000

Marking Bits: (CMBitMap*) 0x0000022ce2012ac0
 Bits: [0x0000022cfaed0000, 0x0000022cfeda8000)

Polling page: 0x0000022cdfe50000

Metaspace:

Usage:
  Non-class:      8.48 MB used.
      Class:    936.58 KB used.
       Both:      9.39 MB used.

Virtual space:
  Non-class space:       64.00 MB reserved,       8.62 MB ( 13%) committed,  1 nodes.
      Class space:        1.00 GB reserved,       1.06 MB ( <1%) committed,  1 nodes.
             Both:        1.06 GB reserved,       9.69 MB ( <1%) committed. 

Chunk freelists:
   Non-Class:  7.19 MB
       Class:  14.97 MB
        Both:  22.16 MB

MaxMetaspaceSize: unlimited
CompressedClassSpaceSize: 1.00 GB
Initial GC threshold: 21.00 MB
Current GC threshold: 21.00 MB
CDS: on
 - commit_granule_bytes: 65536.
 - commit_granule_words: 8192.
 - virtual_space_node_default_size: 8388608.
 - enlarge_chunks_in_place: 1.
 - use_allocation_guard: 0.


Internal statistics:

num_allocs_failed_limit: 0.
num_arena_births: 230.
num_arena_deaths: 0.
num_vsnodes_births: 2.
num_vsnodes_deaths: 0.
num_space_committed: 155.
num_space_uncommitted: 0.
num_chunks_returned_to_freelist: 0.
num_chunks_taken_from_freelist: 392.
num_chunk_merges: 0.
num_chunk_splits: 258.
num_chunks_enlarged: 168.
num_inconsistent_stats: 0.

CodeHeap 'non-profiled nmethods': size=119168Kb used=615Kb max_used=615Kb free=118552Kb
 bounds [0x0000022cf2220000, 0x0000022cf2490000, 0x0000022cf9680000]
CodeHeap 'profiled nmethods': size=119104Kb used=2259Kb max_used=2425Kb free=116845Kb
 bounds [0x0000022cea680000, 0x0000022cea8f0000, 0x0000022cf1ad0000]
CodeHeap 'non-nmethods': size=7488Kb used=1672Kb max_used=3393Kb free=5815Kb
 bounds [0x0000022cf1ad0000, 0x0000022cf1e30000, 0x0000022cf2220000]
 total_blobs=2004 nmethods=1342 adapters=567
 compilation: enabled
              stopped_count=0, restarted_count=0
 full_count=0

Compilation events (20 events):
Event: 176.701 Thread 0x0000022cc7044e40 1499       3       jdk.internal.misc.Unsafe::copySwapMemoryChecks (68 bytes)
Event: 176.702 Thread 0x0000022cc7044e40 nmethod 1499 0x0000022cea6b6210 code [0x0000022cea6b6540, 0x0000022cea6b7640]
Event: 202.653 Thread 0x0000022cc7044e40 1501       3       java.nio.IntBuffer::get (54 bytes)
Event: 202.654 Thread 0x0000022cc7044e40 nmethod 1501 0x0000022cea681190 code [0x0000022cea6813a0, 0x0000022cea681888]
Event: 202.685 Thread 0x0000022cc7044e40 1503       3       greenfoot.gui.input.mouse.MouseEventData::isMouseDragEnded (13 bytes)
Event: 202.685 Thread 0x0000022cc7044e40 nmethod 1503 0x0000022cea73ea90 code [0x0000022cea73ec20, 0x0000022cea73ed90]
Event: 202.685 Thread 0x0000022cc7044e40 1502   !   3       greenfoot.gui.input.mouse.MousePollingManager::mouseMoved (87 bytes)
Event: 202.686 Thread 0x0000022cc7044e40 nmethod 1502 0x0000022cea7e6510 code [0x0000022cea7e6780, 0x0000022cea7e72c0]
Event: 202.701 Thread 0x0000022cc7044e40 1504       3       jdk.internal.misc.Unsafe::checkNativeAddress (28 bytes)
Event: 202.701 Thread 0x0000022cc7044e40 nmethod 1504 0x0000022cea6f8410 code [0x0000022cea6f85a0, 0x0000022cea6f86b8]
Event: 209.085 Thread 0x0000022cc7044e40 1505       3       jdk.internal.misc.Unsafe::copySwapMemory (37 bytes)
Event: 209.086 Thread 0x0000022cc7044e40 nmethod 1505 0x0000022cea8d5490 code [0x0000022cea8d5640, 0x0000022cea8d58c0]
Event: 215.997 Thread 0x0000022cc7044e40 1506       3       greenfoot.gui.input.mouse.PriorityManager::getPriority (48 bytes)
Event: 215.997 Thread 0x0000022cc7044e40 nmethod 1506 0x0000022cea7f5090 code [0x0000022cea7f52a0, 0x0000022cea7f5970]
Event: 215.997 Thread 0x0000022cc7044e40 1507       3       greenfoot.gui.input.mouse.PriorityManager::getPriority (48 bytes)
Event: 215.997 Thread 0x0000022cc7044e40 nmethod 1507 0x0000022cea682890 code [0x0000022cea682a60, 0x0000022cea682d50]
Event: 306.736 Thread 0x0000022cc7044e40 1508       3       java.lang.Thread::isVirtual (5 bytes)
Event: 306.736 Thread 0x0000022cc7044e40 nmethod 1508 0x0000022cea80cf90 code [0x0000022cea80d120, 0x0000022cea80d328]
Event: 662.044 Thread 0x0000022cc7044e40 1509       3       java.lang.invoke.MethodHandle::keepsAlive (20 bytes)
Event: 662.045 Thread 0x0000022cc7044e40 nmethod 1509 0x0000022cea6e4690 code [0x0000022cea6e48e0, 0x0000022cea6e5348]

GC Heap History (20 events):
Event: 6.365 GC heap before
{Heap before GC invocations=13 (full 12):
 garbage-first heap   total 28672K, used 8784K [0x0000000704a00000, 0x0000000800000000)
  region size 2048K, 1 young (2048K), 0 survivors (0K)
 Metaspace       used 9560K, committed 9856K, reserved 1114112K
  class space    used 934K, committed 1088K, reserved 1048576K
}
Event: 6.373 GC heap after
{Heap after GC invocations=14 (full 13):
 garbage-first heap   total 28672K, used 8784K [0x0000000704a00000, 0x0000000800000000)
  region size 2048K, 0 young (0K), 0 survivors (0K)
 Metaspace       used 9560K, committed 9856K, reserved 1114112K
  class space    used 934K, committed 1088K, reserved 1048576K
}
Event: 6.382 GC heap before
{Heap before GC invocations=14 (full 13):
 garbage-first heap   total 28672K, used 8784K [0x0000000704a00000, 0x0000000800000000)
  region size 2048K, 1 young (2048K), 0 survivors (0K)
 Metaspace       used 9560K, committed 9856K, reserved 1114112K
  class space    used 934K, committed 1088K, reserved 1048576K
}
Event: 6.391 GC heap after
{Heap after GC invocations=15 (full 14):
 garbage-first heap   total 28672K, used 8785K [0x0000000704a00000, 0x0000000800000000)
  region size 2048K, 0 young (0K), 0 survivors (0K)
 Metaspace       used 9560K, committed 9856K, reserved 1114112K
  class space    used 934K, committed 1088K, reserved 1048576K
}
Event: 6.397 GC heap before
{Heap before GC invocations=15 (full 14):
 garbage-first heap   total 28672K, used 8785K [0x0000000704a00000, 0x0000000800000000)
  region size 2048K, 1 young (2048K), 0 survivors (0K)
 Metaspace       used 9560K, committed 9856K, reserved 1114112K
  class space    used 934K, committed 1088K, reserved 1048576K
}
Event: 6.405 GC heap after
{Heap after GC invocations=16 (full 15):
 garbage-first heap   total 28672K, used 8785K [0x0000000704a00000, 0x0000000800000000)
  region size 2048K, 0 young (0K), 0 survivors (0K)
 Metaspace       used 9560K, committed 9856K, reserved 1114112K
  class space    used 934K, committed 1088K, reserved 1048576K
}
Event: 6.415 GC heap before
{Heap before GC invocations=16 (full 15):
 garbage-first heap   total 28672K, used 8785K [0x0000000704a00000, 0x0000000800000000)
  region size 2048K, 1 young (2048K), 0 survivors (0K)
 Metaspace       used 9560K, committed 9856K, reserved 1114112K
  class space    used 934K, committed 1088K, reserved 1048576K
}
Event: 6.422 GC heap after
{Heap after GC invocations=17 (full 16):
 garbage-first heap   total 28672K, used 7847K [0x0000000704a00000, 0x0000000800000000)
  region size 2048K, 0 young (0K), 0 survivors (0K)
 Metaspace       used 9560K, committed 9856K, reserved 1114112K
  class space    used 934K, committed 1088K, reserved 1048576K
}
Event: 6.430 GC heap before
{Heap before GC invocations=17 (full 16):
 garbage-first heap   total 28672K, used 7847K [0x0000000704a00000, 0x0000000800000000)
  region size 2048K, 1 young (2048K), 0 survivors (0K)
 Metaspace       used 9561K, committed 9856K, reserved 1114112K
  class space    used 934K, committed 1088K, reserved 1048576K
}
Event: 6.439 GC heap after
{Heap after GC invocations=18 (full 17):
 garbage-first heap   total 28672K, used 8785K [0x0000000704a00000, 0x0000000800000000)
  region size 2048K, 0 young (0K), 0 survivors (0K)
 Metaspace       used 9561K, committed 9856K, reserved 1114112K
  class space    used 934K, committed 1088K, reserved 1048576K
}
Event: 6.462 GC heap before
{Heap before GC invocations=18 (full 17):
 garbage-first heap   total 28672K, used 8785K [0x0000000704a00000, 0x0000000800000000)
  region size 2048K, 1 young (2048K), 0 survivors (0K)
 Metaspace       used 9561K, committed 9856K, reserved 1114112K
  class space    used 934K, committed 1088K, reserved 1048576K
}
Event: 6.472 GC heap after
{Heap after GC invocations=19 (full 18):
 garbage-first heap   total 28672K, used 7847K [0x0000000704a00000, 0x0000000800000000)
  region size 2048K, 0 young (0K), 0 survivors (0K)
 Metaspace       used 9561K, committed 9856K, reserved 1114112K
  class space    used 934K, committed 1088K, reserved 1048576K
}
Event: 6.477 GC heap before
{Heap before GC invocations=19 (full 18):
 garbage-first heap   total 28672K, used 7847K [0x0000000704a00000, 0x0000000800000000)
  region size 2048K, 1 young (2048K), 0 survivors (0K)
 Metaspace       used 9561K, committed 9856K, reserved 1114112K
  class space    used 934K, committed 1088K, reserved 1048576K
}
Event: 6.484 GC heap after
{Heap after GC invocations=20 (full 19):
 garbage-first heap   total 28672K, used 8785K [0x0000000704a00000, 0x0000000800000000)
  region size 2048K, 0 young (0K), 0 survivors (0K)
 Metaspace       used 9561K, committed 9856K, reserved 1114112K
  class space    used 934K, committed 1088K, reserved 1048576K
}
Event: 6.676 GC heap before
{Heap before GC invocations=20 (full 19):
 garbage-first heap   total 28672K, used 8785K [0x0000000704a00000, 0x0000000800000000)
  region size 2048K, 1 young (2048K), 0 survivors (0K)
 Metaspace       used 9563K, committed 9856K, reserved 1114112K
  class space    used 935K, committed 1088K, reserved 1048576K
}
Event: 6.683 GC heap after
{Heap after GC invocations=21 (full 20):
 garbage-first heap   total 28672K, used 7848K [0x0000000704a00000, 0x0000000800000000)
  region size 2048K, 0 young (0K), 0 survivors (0K)
 Metaspace       used 9563K, committed 9856K, reserved 1114112K
  class space    used 935K, committed 1088K, reserved 1048576K
}
Event: 102.192 GC heap before
{Heap before GC invocations=21 (full 20):
 garbage-first heap   total 28672K, used 11944K [0x0000000704a00000, 0x0000000800000000)
  region size 2048K, 2 young (4096K), 0 survivors (0K)
 Metaspace       used 9595K, committed 9856K, reserved 1114112K
  class space    used 935K, committed 1088K, reserved 1048576K
}
Event: 102.194 GC heap after
{Heap after GC invocations=22 (full 20):
 garbage-first heap   total 28672K, used 7921K [0x0000000704a00000, 0x0000000800000000)
  region size 2048K, 1 young (2048K), 1 survivors (2048K)
 Metaspace       used 9595K, committed 9856K, reserved 1114112K
  class space    used 935K, committed 1088K, reserved 1048576K
}
Event: 495.920 GC heap before
{Heap before GC invocations=22 (full 20):
 garbage-first heap   total 28672K, used 16113K [0x0000000704a00000, 0x0000000800000000)
  region size 2048K, 5 young (10240K), 1 survivors (2048K)
 Metaspace       used 9607K, committed 9920K, reserved 1114112K
  class space    used 935K, committed 1088K, reserved 1048576K
}
Event: 495.922 GC heap after
{Heap after GC invocations=23 (full 20):
 garbage-first heap   total 28672K, used 7857K [0x0000000704a00000, 0x0000000800000000)
  region size 2048K, 1 young (2048K), 1 survivors (2048K)
 Metaspace       used 9607K, committed 9920K, reserved 1114112K
  class space    used 935K, committed 1088K, reserved 1048576K
}

Dll operation events (20 events):
Event: 2.431 Loaded shared library C:\Users\estra\.openjfx\cache\21.0.3+2\amd64\api-ms-win-crt-filesystem-l1-1-0.dll
Event: 2.434 Loaded shared library C:\Users\estra\.openjfx\cache\21.0.3+2\amd64\api-ms-win-crt-heap-l1-1-0.dll
Event: 2.438 Loaded shared library C:\Users\estra\.openjfx\cache\21.0.3+2\amd64\api-ms-win-crt-locale-l1-1-0.dll
Event: 2.441 Loaded shared library C:\Users\estra\.openjfx\cache\21.0.3+2\amd64\api-ms-win-crt-math-l1-1-0.dll
Event: 2.445 Loaded shared library C:\Users\estra\.openjfx\cache\21.0.3+2\amd64\api-ms-win-crt-multibyte-l1-1-0.dll
Event: 2.448 Loaded shared library C:\Users\estra\.openjfx\cache\21.0.3+2\amd64\api-ms-win-crt-private-l1-1-0.dll
Event: 2.451 Loaded shared library C:\Users\estra\.openjfx\cache\21.0.3+2\amd64\api-ms-win-crt-process-l1-1-0.dll
Event: 2.454 Loaded shared library C:\Users\estra\.openjfx\cache\21.0.3+2\amd64\api-ms-win-crt-runtime-l1-1-0.dll
Event: 2.456 Loaded shared library C:\Users\estra\.openjfx\cache\21.0.3+2\amd64\api-ms-win-crt-stdio-l1-1-0.dll
Event: 2.460 Loaded shared library C:\Users\estra\.openjfx\cache\21.0.3+2\amd64\api-ms-win-crt-string-l1-1-0.dll
Event: 2.463 Loaded shared library C:\Users\estra\.openjfx\cache\21.0.3+2\amd64\api-ms-win-crt-time-l1-1-0.dll
Event: 2.474 Loaded shared library C:\Users\estra\.openjfx\cache\21.0.3+2\amd64\api-ms-win-crt-utility-l1-1-0.dll
Event: 2.489 Loaded shared library C:\Users\estra\.openjfx\cache\21.0.3+2\amd64\ucrtbase.dll
Event: 2.492 Loaded shared library C:\Users\estra\.openjfx\cache\21.0.3+2\amd64\vcruntime140.dll
Event: 2.495 Loaded shared library C:\Users\estra\.openjfx\cache\21.0.3+2\amd64\vcruntime140_1.dll
Event: 2.502 Loaded shared library C:\Users\estra\.openjfx\cache\21.0.3+2\amd64\msvcp140.dll
Event: 2.504 Loaded shared library C:\Users\estra\.openjfx\cache\21.0.3+2\amd64\msvcp140_1.dll
Event: 2.508 Loaded shared library C:\Users\estra\.openjfx\cache\21.0.3+2\amd64\msvcp140_2.dll
Event: 2.534 Loaded shared library C:\Users\estra\.openjfx\cache\21.0.3+2\amd64\prism_d3d.dll
Event: 2.604 Loaded shared library C:\Users\estra\.openjfx\cache\21.0.3+2\amd64\glass.dll

Deoptimization events (20 events):
Event: 2.989 Thread 0x0000022cc8aef6f0 Uncommon trap: trap_request=0xfffffff4 fr.pc=0x0000022cf2293ab0 relative=0x0000000000003670
Event: 2.989 Thread 0x0000022cc8aef6f0 Uncommon trap: reason=null_check action=make_not_entrant pc=0x0000022cf2293ab0 method=greenfoot.vmcomm.VMCommsSimulation.doInterVMComms()V @ 162 c2
Event: 2.989 Thread 0x0000022cc8aef6f0 DEOPT PACKING pc=0x0000022cf2293ab0 sp=0x0000003b5b4fef80
Event: 2.989 Thread 0x0000022cc8aef6f0 DEOPT UNPACKING pc=0x0000022cf1b246a2 sp=0x0000003b5b4fef50 mode 2
Event: 6.253 Thread 0x0000022cc8aef6f0 DEOPT PACKING pc=0x0000022cea8e2b1b sp=0x0000003b5b4fee30
Event: 6.253 Thread 0x0000022cc8aef6f0 DEOPT UNPACKING pc=0x0000022cf1b24e42 sp=0x0000003b5b4fe448 mode 0
Event: 6.269 Thread 0x0000022cc8aef6f0 DEOPT PACKING pc=0x0000022cea8e2b1b sp=0x0000003b5b4fee30
Event: 6.269 Thread 0x0000022cc8aef6f0 DEOPT UNPACKING pc=0x0000022cf1b24e42 sp=0x0000003b5b4fe448 mode 0
Event: 6.286 Thread 0x0000022cc8aef6f0 DEOPT PACKING pc=0x0000022cea8e2b1b sp=0x0000003b5b4fee30
Event: 6.286 Thread 0x0000022cc8aef6f0 DEOPT UNPACKING pc=0x0000022cf1b24e42 sp=0x0000003b5b4fe448 mode 0
Event: 6.301 Thread 0x0000022cc8aef6f0 DEOPT PACKING pc=0x0000022cea8e2b1b sp=0x0000003b5b4fee30
Event: 6.301 Thread 0x0000022cc8aef6f0 DEOPT UNPACKING pc=0x0000022cf1b24e42 sp=0x0000003b5b4fe448 mode 0
Event: 6.317 Thread 0x0000022cc8aef6f0 DEOPT PACKING pc=0x0000022cea8e2b1b sp=0x0000003b5b4fee30
Event: 6.317 Thread 0x0000022cc8aef6f0 DEOPT UNPACKING pc=0x0000022cf1b24e42 sp=0x0000003b5b4fe448 mode 0
Event: 6.333 Thread 0x0000022cc8aef6f0 DEOPT PACKING pc=0x0000022cea8e2b1b sp=0x0000003b5b4fee30
Event: 6.333 Thread 0x0000022cc8aef6f0 DEOPT UNPACKING pc=0x0000022cf1b24e42 sp=0x0000003b5b4fe448 mode 0
Event: 6.349 Thread 0x0000022cc8aef6f0 DEOPT PACKING pc=0x0000022cea8e2b1b sp=0x0000003b5b4fee30
Event: 6.349 Thread 0x0000022cc8aef6f0 DEOPT UNPACKING pc=0x0000022cf1b24e42 sp=0x0000003b5b4fe448 mode 0
Event: 6.365 Thread 0x0000022cc8aef6f0 DEOPT PACKING pc=0x0000022cea8e2b1b sp=0x0000003b5b4fee30
Event: 6.365 Thread 0x0000022cc8aef6f0 DEOPT UNPACKING pc=0x0000022cf1b24e42 sp=0x0000003b5b4fe448 mode 0

Classes loaded (20 events):
Event: 3.747 Loading class sun/awt/AppContext$PostShutdownEventRunnable
Event: 3.747 Loading class sun/awt/AppContext$PostShutdownEventRunnable done
Event: 3.747 Loading class sun/awt/AWTAutoShutdown$1
Event: 3.747 Loading class sun/awt/AWTAutoShutdown$1 done
Event: 6.142 Loading class java/lang/NoSuchFieldError
Event: 6.142 Loading class java/lang/NoSuchFieldError done
Event: 6.179 Loading class java/util/concurrent/CompletableFuture
Event: 6.180 Loading class java/util/concurrent/CompletionStage
Event: 6.180 Loading class java/util/concurrent/CompletionStage done
Event: 6.180 Loading class java/util/concurrent/CompletableFuture done
Event: 6.180 Loading class java/util/concurrent/CompletableFuture$AltResult
Event: 6.180 Loading class java/util/concurrent/CompletableFuture$AltResult done
Event: 6.180 Loading class java/util/concurrent/CompletableFuture$Completion
Event: 6.180 Loading class java/util/concurrent/CompletableFuture$AsynchronousCompletionTask
Event: 6.180 Loading class java/util/concurrent/CompletableFuture$AsynchronousCompletionTask done
Event: 6.180 Loading class java/util/concurrent/CompletableFuture$Completion done
Event: 6.182 Loading class java/util/concurrent/CompletableFuture$Signaller
Event: 6.182 Loading class java/util/concurrent/CompletableFuture$Signaller done
Event: 662.046 Loading class java/util/ArrayList$ListItr
Event: 662.046 Loading class java/util/ArrayList$ListItr done

Classes unloaded (0 events):
No events

Classes redefined (0 events):
No events

Internal exceptions (20 events):
Event: 2.040 Thread 0x0000022cc757c720 Exception <a 'java/lang/NoSuchMethodError'{0x0000000713f5daa8}: 'int java.lang.invoke.DirectMethodHandle$Holder.invokeSpecial(java.lang.Object, java.lang.Object, java.lang.Object)'> (0x0000000713f5daa8) 
thrown [s\src\hotspot\share\interpreter\linkResolver.cpp, line 773]
Event: 2.095 Thread 0x0000022cc77312c0 Exception <a 'java/lang/ClassNotFoundException'{0x0000000713d0d820}: sun/net/www/protocol/c/Handler> (0x0000000713d0d820) 
thrown [s\src\hotspot\share\classfile\systemDictionary.cpp, line 312]
Event: 2.134 Thread 0x0000022cc77312c0 Exception <a 'java/lang/NoSuchMethodError'{0x0000000713d723a8}: 'java.lang.Object java.lang.invoke.DirectMethodHandle$Holder.invokeStaticInit(java.lang.Object, int, int, int, int)'> (0x0000000713d723a8) 
thrown [s\src\hotspot\share\interpreter\linkResolver.cpp, line 773]
Event: 2.154 Thread 0x0000022cc77312c0 Exception <a 'java/lang/NoSuchMethodError'{0x0000000713a2e598}: 'java.lang.Object java.lang.invoke.DirectMethodHandle$Holder.invokeStaticInit(java.lang.Object, java.lang.Object, int, int, int, int)'> (0x0000000713a2e598) 
thrown [s\src\hotspot\share\interpreter\linkResolver.cpp, line 773]
Event: 2.213 Thread 0x0000022cc7970860 Exception <a 'java/lang/NoSuchMethodError'{0x0000000713afd6a8}: 'void java.lang.invoke.DirectMethodHandle$Holder.invokeSpecial(java.lang.Object, java.lang.Object, java.lang.Object)'> (0x0000000713afd6a8) 
thrown [s\src\hotspot\share\interpreter\linkResolver.cpp, line 773]
Event: 2.214 Thread 0x0000022cc7970860 Exception <a 'java/lang/NoSuchMethodError'{0x0000000713b07a20}: 'void java.lang.invoke.DirectMethodHandle$Holder.invokeStatic(java.lang.Object, java.lang.Object, java.lang.Object)'> (0x0000000713b07a20) 
thrown [s\src\hotspot\share\interpreter\linkResolver.cpp, line 773]
Event: 2.242 Thread 0x0000022cc7809490 Exception <a 'java/lang/ClassNotFoundException'{0x0000000714470a50}: sun/util/logging/resources/spi/loggingProvider> (0x0000000714470a50) 
thrown [s\src\hotspot\share\classfile\systemDictionary.cpp, line 312]
Event: 2.590 Thread 0x0000022cc7809490 Exception <a 'java/lang/NoSuchMethodError'{0x0000000713e17878}: 'int java.lang.invoke.DirectMethodHandle$Holder.invokeStaticInit(java.lang.Object, java.lang.Object, java.lang.Object)'> (0x0000000713e17878) 
thrown [s\src\hotspot\share\interpreter\linkResolver.cpp, line 773]
Event: 2.608 Thread 0x0000022cc7809490 Exception <a 'java/lang/NoSuchMethodError'{0x0000000713eb5350}: 'java.lang.Object java.lang.invoke.DirectMethodHandle$Holder.newInvokeSpecial(java.lang.Object, java.lang.Object, int, java.lang.Object)'> (0x0000000713eb5350) 
thrown [s\src\hotspot\share\interpreter\linkResolver.cpp, line 773]
Event: 2.608 Thread 0x0000022cc7809490 Exception <a 'java/lang/NoSuchMethodError'{0x0000000713eb9018}: 'java.lang.Object java.lang.invoke.DirectMethodHandle$Holder.invokeSpecial(java.lang.Object, java.lang.Object, java.lang.Object, int, java.lang.Object)'> (0x0000000713eb9018) 
thrown [s\src\hotspot\share\interpreter\linkResolver.cpp, line 773]
Event: 2.609 Thread 0x0000022cc7809490 Exception <a 'java/lang/NoSuchMethodError'{0x0000000713ebfbe8}: 'void java.lang.invoke.DirectMethodHandle$Holder.invokeSpecial(java.lang.Object, java.lang.Object, int, java.lang.Object)'> (0x0000000713ebfbe8) 
thrown [s\src\hotspot\share\interpreter\linkResolver.cpp, line 773]
Event: 2.689 Thread 0x0000022cc8af0aa0 Exception <a 'java/lang/NoSuchMethodError'{0x0000000713ffafe8}: 'void java.lang.invoke.DirectMethodHandle$Holder.invokeStaticInit(java.lang.Object)'> (0x0000000713ffafe8) 
thrown [s\src\hotspot\share\interpreter\linkResolver.cpp, line 773]
Event: 2.699 Thread 0x0000022cc7970860 Exception <a 'java/lang/NoSuchMethodError'{0x0000000713cb4938}: 'int java.lang.invoke.DirectMethodHandle$Holder.invokeSpecial(java.lang.Object, java.lang.Object, java.lang.Object, int)'> (0x0000000713cb4938) 
thrown [s\src\hotspot\share\interpreter\linkResolver.cpp, line 773]
Event: 2.701 Thread 0x0000022cc7970860 Exception <a 'java/lang/NoSuchMethodError'{0x0000000713cc6de8}: 'java.lang.Object java.lang.invoke.DirectMethodHandle$Holder.invokeStatic(java.lang.Object, java.lang.Object, java.lang.Object, java.lang.Object, int)'> (0x0000000713cc6de8) 
thrown [s\src\hotspot\share\interpreter\linkResolver.cpp, line 773]
Event: 2.702 Thread 0x0000022cc7970860 Exception <a 'java/lang/NoSuchMethodError'{0x0000000713cce688}: 'long java.lang.invoke.DirectMethodHandle$Holder.invokeStatic(java.lang.Object, java.lang.Object, int)'> (0x0000000713cce688) 
thrown [s\src\hotspot\share\interpreter\linkResolver.cpp, line 773]
Event: 2.703 Thread 0x0000022cc7970860 Exception <a 'java/lang/NoSuchMethodError'{0x0000000713cd8cf0}: 'java.lang.Object java.lang.invoke.DelegatingMethodHandle$Holder.reinvoke_L(java.lang.Object, int, long, java.lang.Object, java.lang.Object, int, java.lang.Object)'> (0x0000000713cd8cf0) 
thrown [s\src\hotspot\share\interpreter\linkResolver.cpp, line 773]
Event: 2.989 Thread 0x0000022cc8aef6f0 Implicit null exception at 0x0000022cf22908ee to 0x0000022cf2293a84
Event: 6.181 Thread 0x0000022cc7731930 Exception <a 'java/lang/NoSuchMethodError'{0x0000000706059810}: 'void java.lang.invoke.DirectMethodHandle$Holder.invokeInterface(java.lang.Object, java.lang.Object)'> (0x0000000706059810) 
thrown [s\src\hotspot\share\interpreter\linkResolver.cpp, line 773]
Event: 6.182 Thread 0x0000022ccf384570 Exception <a 'java/lang/NoSuchMethodError'{0x00000007062fdd40}: 'java.lang.Object java.lang.invoke.DirectMethodHandle$Holder.newInvokeSpecial(java.lang.Object, java.lang.Object, java.lang.Object, java.lang.Object, java.lang.Object)'> (0x00000007062fdd40) 
thrown [s\src\hotspot\share\interpreter\linkResolver.cpp, line 773]
Event: 6.223 Thread 0x0000022cc8aef6f0 Exception <a 'java/lang/NoSuchMethodError'{0x0000000706213b60}: 'java.lang.Object java.lang.invoke.Invokers$Holder.linkToTargetMethod(java.lang.Object, int, int, int, java.lang.Object)'> (0x0000000706213b60) 
thrown [s\src\hotspot\share\interpreter\linkResolver.cpp, line 773]

ZGC Phase Switch (0 events):
No events

VM Operations (20 events):
Event: 30.811 Executing VM operation: Cleanup
Event: 30.811 Executing VM operation: Cleanup done
Event: 32.822 Executing VM operation: Cleanup
Event: 32.822 Executing VM operation: Cleanup done
Event: 60.201 Executing VM operation: HandshakeAllThreads (HandshakeForDeflation)
Event: 60.201 Executing VM operation: HandshakeAllThreads (HandshakeForDeflation) done
Event: 60.201 Executing VM operation: RendezvousGCThreads
Event: 60.201 Executing VM operation: RendezvousGCThreads done
Event: 74.317 Executing VM operation: Cleanup
Event: 74.317 Executing VM operation: Cleanup done
Event: 102.192 Executing VM operation: G1CollectForAllocation (G1 Evacuation Pause)
Event: 102.194 Executing VM operation: G1CollectForAllocation (G1 Evacuation Pause) done
Event: 177.572 Executing VM operation: Cleanup
Event: 177.572 Executing VM operation: Cleanup done
Event: 495.920 Executing VM operation: G1CollectForAllocation (G1 Evacuation Pause)
Event: 495.922 Executing VM operation: G1CollectForAllocation (G1 Evacuation Pause) done
Event: 662.046 Executing VM operation: HandshakeAllThreads (Deoptimize)
Event: 662.046 Executing VM operation: HandshakeAllThreads (Deoptimize) done
Event: 662.046 Executing VM operation: Cleanup
Event: 662.046 Executing VM operation: Cleanup done

Memory protections (0 events):
No events

Nmethod flushes (20 events):
Event: 2.840 Thread 0x0000022cffb0ba50 flushing  nmethod 0x0000022cea803310
Event: 2.840 Thread 0x0000022cffb0ba50 flushing  nmethod 0x0000022cea894e10
Event: 6.199 Thread 0x0000022cffb0ba50 flushing  nmethod 0x0000022cf2267510
Event: 6.199 Thread 0x0000022cffb0ba50 flushing  nmethod 0x0000022cea6b6210
Event: 6.199 Thread 0x0000022cffb0ba50 flushing  nmethod 0x0000022cea7d8f10
Event: 6.199 Thread 0x0000022cffb0ba50 flushing  nmethod 0x0000022cea7e1f90
Event: 6.228 Thread 0x0000022cffb0ba50 flushing osr nmethod 0x0000022cf225f310
Event: 6.228 Thread 0x0000022cffb0ba50 flushing  nmethod 0x0000022cf228fe10
Event: 6.228 Thread 0x0000022cffb0ba50 flushing  nmethod 0x0000022cea6ae710
Event: 6.228 Thread 0x0000022cffb0ba50 flushing  nmethod 0x0000022cea6c5590
Event: 6.228 Thread 0x0000022cffb0ba50 flushing  nmethod 0x0000022cea6ccc90
Event: 6.228 Thread 0x0000022cffb0ba50 flushing  nmethod 0x0000022cea6f8410
Event: 6.228 Thread 0x0000022cffb0ba50 flushing  nmethod 0x0000022cea73ea90
Event: 6.228 Thread 0x0000022cffb0ba50 flushing  nmethod 0x0000022cea7a5710
Event: 6.228 Thread 0x0000022cffb0ba50 flushing  nmethod 0x0000022cea7e6510
Event: 6.228 Thread 0x0000022cffb0ba50 flushing osr nmethod 0x0000022cea80e610
Event: 6.258 Thread 0x0000022cffb0ba50 flushing  nmethod 0x0000022cea6cc390
Event: 6.388 Thread 0x0000022cffb0ba50 flushing  nmethod 0x0000022cea8de690
Event: 6.401 Thread 0x0000022cffb0ba50 flushing  nmethod 0x0000022cea76de90
Event: 6.401 Thread 0x0000022cffb0ba50 flushing  nmethod 0x0000022cea7e0890

Events (20 events):
Event: 2.609 Thread 0x0000022cc7809490 Thread added: 0x0000022cc8af0aa0
Event: 2.692 Thread 0x0000022cc7809490 Thread exited: 0x0000022cc7809490
Event: 2.708 Thread 0x0000022cc7970860 Thread added: 0x0000022cc8aef6f0
Event: 2.709 Thread 0x0000022cc8aefd80 Thread added: 0x0000022cc8aefd80
Event: 2.747 Thread 0x0000022cc7970860 Thread added: 0x0000022ccf384570
Event: 3.747 Thread 0x0000022cc77a4700 Thread exited: 0x0000022cc77a4700
Event: 3.748 Thread 0x0000022cc7970860 Thread exited: 0x0000022cc7970860
Event: 5.725 Thread 0x0000022cc79290c0 Thread exited: 0x0000022cc79290c0
Event: 6.185 Thread 0x0000022cc7731930 Thread added: 0x0000022ccf383850
Event: 6.185 Thread 0x0000022cc7731930 Thread exited: 0x0000022cc7731930
Event: 6.671 Thread 0x0000022ccf383850 Thread added: 0x0000022ccf381e10
Event: 6.671 Thread 0x0000022ccf383850 Thread exited: 0x0000022ccf383850
Event: 7.934 Thread 0x0000022cc7928320 Thread exited: 0x0000022cc7928320
Event: 10.526 Thread 0x0000022cc71502f0 Thread exited: 0x0000022cc71502f0
Event: 189.548 Thread 0x0000022ccf381e10 Thread added: 0x0000022ccf385920
Event: 189.549 Thread 0x0000022ccf381e10 Thread exited: 0x0000022ccf381e10
Event: 660.233 Thread 0x0000022cc7538400 Thread added: 0x0000022ccf381e10
Event: 661.252 Thread 0x0000022ccf381e10 Thread exited: 0x0000022ccf381e10
Event: 662.040 Thread 0x0000022cc7538400 Thread added: 0x0000022ccf383ee0
Event: 662.044 Thread 0x0000022cc7538400 Thread added: 0x0000022ccf381e10


Dynamic libraries:
0x00007ff7acdb0000 - 0x00007ff7acdbe000 	C:\Program Files\Greenfoot\jdk\bin\java.exe
0x00007ff9650e0000 - 0x00007ff965347000 	C:\windows\SYSTEM32\ntdll.dll
0x00007ff964140000 - 0x00007ff964209000 	C:\windows\System32\KERNEL32.DLL
0x00007ff962500000 - 0x00007ff9628f7000 	C:\windows\System32\KERNELBASE.dll
0x00007ff962380000 - 0x00007ff9624cb000 	C:\windows\System32\ucrtbase.dll
0x00007ff94ad90000 - 0x00007ff94ada8000 	C:\Program Files\Greenfoot\jdk\bin\jli.dll
0x00007ff963340000 - 0x00007ff963506000 	C:\windows\System32\USER32.dll
0x00007ff9624d0000 - 0x00007ff9624f7000 	C:\windows\System32\win32u.dll
0x00007ff9632c0000 - 0x00007ff9632eb000 	C:\windows\System32\GDI32.dll
0x00007ff962c80000 - 0x00007ff962dac000 	C:\windows\System32\gdi32full.dll
0x00007ff94dc50000 - 0x00007ff94dc6b000 	C:\Program Files\Greenfoot\jdk\bin\VCRUNTIME140.dll
0x00007ff962a80000 - 0x00007ff962b23000 	C:\windows\System32\msvcp_win.dll
0x00007ff960fa0000 - 0x00007ff961232000 	C:\windows\WinSxS\amd64_microsoft.windows.common-controls_6595b64144ccf1df_6.0.26100.8457_none_3e0b2faee331e92d\COMCTL32.dll
0x00007ff963730000 - 0x00007ff9637d9000 	C:\windows\System32\msvcrt.dll
0x00007ff964210000 - 0x00007ff964242000 	C:\windows\System32\IMM32.DLL
0x00007ff961350000 - 0x00007ff96135c000 	C:\Program Files\Greenfoot\jdk\bin\vcruntime140_1.dll
0x00007ff908da0000 - 0x00007ff908e2e000 	C:\Program Files\Greenfoot\jdk\bin\msvcp140.dll
0x00007ff8b7420000 - 0x00007ff8b81a8000 	C:\Program Files\Greenfoot\jdk\bin\server\jvm.dll
0x00007ff964b50000 - 0x00007ff964c06000 	C:\windows\System32\ADVAPI32.dll
0x00007ff9635f0000 - 0x00007ff963697000 	C:\windows\System32\sechost.dll
0x00007ff9630c0000 - 0x00007ff9631d8000 	C:\windows\System32\RPCRT4.dll
0x00007ff9636a0000 - 0x00007ff963720000 	C:\windows\System32\WS2_32.dll
0x00007ff961370000 - 0x00007ff9613ce000 	C:\windows\SYSTEM32\POWRPROF.dll
0x00007ff95e270000 - 0x00007ff95e2a6000 	C:\windows\SYSTEM32\WINMM.dll
0x00007ff958f40000 - 0x00007ff958f4b000 	C:\windows\SYSTEM32\VERSION.dll
0x00007ff961240000 - 0x00007ff961254000 	C:\windows\SYSTEM32\UMPDC.dll
0x00007ff960000000 - 0x00007ff96001b000 	C:\windows\SYSTEM32\kernel.appcore.dll
0x00007ff94dd80000 - 0x00007ff94dd8a000 	C:\Program Files\Greenfoot\jdk\bin\jimage.dll
0x00007ff961400000 - 0x00007ff961642000 	C:\windows\SYSTEM32\DBGHELP.DLL
0x00007ff964720000 - 0x00007ff964aa3000 	C:\windows\System32\combase.dll
0x00007ff963510000 - 0x00007ff9635e9000 	C:\windows\System32\OLEAUT32.dll
0x00007ff961260000 - 0x00007ff96129b000 	C:\windows\SYSTEM32\dbgcore.DLL
0x00007ff962db0000 - 0x00007ff962e58000 	C:\windows\System32\bcryptPrimitives.dll
0x00007ff90f530000 - 0x00007ff90f56c000 	C:\Program Files\Greenfoot\jdk\bin\jdwp.dll
0x00007ff948410000 - 0x00007ff94842f000 	C:\Program Files\Greenfoot\jdk\bin\java.dll
0x00007ff9639c0000 - 0x00007ff96412e000 	C:\windows\System32\SHELL32.dll
0x00007ff961b10000 - 0x00007ff96237c000 	C:\windows\System32\windows.storage.dll
0x00007ff964470000 - 0x00007ff964566000 	C:\windows\System32\SHCORE.dll
0x00007ff964ab0000 - 0x00007ff964b16000 	C:\windows\System32\shlwapi.dll
0x00007ff961a30000 - 0x00007ff961a59000 	C:\windows\SYSTEM32\profapi.dll
0x00007ff908cc0000 - 0x00007ff908d97000 	C:\Program Files\Greenfoot\jdk\bin\jsvml.dll
0x00007ff932dc0000 - 0x00007ff932dcb000 	C:\Program Files\Greenfoot\jdk\bin\dt_shmem.dll
0x00007ff94acf0000 - 0x00007ff94ad00000 	C:\Program Files\Greenfoot\jdk\bin\net.dll
0x00007ff959f60000 - 0x00007ff95a089000 	C:\windows\SYSTEM32\WINHTTP.dll
0x00007ff960570000 - 0x00007ff9605dc000 	C:\windows\system32\mswsock.dll
0x00007ff92b130000 - 0x00007ff92b146000 	C:\Program Files\Greenfoot\jdk\bin\nio.dll
0x00007ff92b110000 - 0x00007ff92b128000 	C:\Program Files\Greenfoot\jdk\bin\zip.dll
0x00007ff8fcbf0000 - 0x00007ff8fcd7e000 	C:\Program Files\Greenfoot\jdk\bin\awt.dll
0x00007ff95cc00000 - 0x00007ff95cca0000 	C:\windows\SYSTEM32\apphelp.dll
0x00007ff95dc70000 - 0x00007ff95dd1a000 	C:\windows\system32\uxtheme.dll
0x00007ff964310000 - 0x00007ff96446c000 	C:\windows\System32\MSCTF.dll
0x00007ff964570000 - 0x00007ff964707000 	C:\windows\System32\ole32.dll
0x00007ff961750000 - 0x00007ff96176b000 	C:\windows\SYSTEM32\CRYPTSP.dll
0x00007ff9602e0000 - 0x00007ff960319000 	C:\windows\system32\rsaenh.dll
0x00007ff960620000 - 0x00007ff960653000 	C:\windows\SYSTEM32\USERENV.dll
0x00007ff961a00000 - 0x00007ff961a2a000 	C:\windows\SYSTEM32\bcrypt.dll
0x00007ff960b00000 - 0x00007ff960b0c000 	C:\windows\SYSTEM32\CRYPTBASE.dll
0x00007ff95fae0000 - 0x00007ff95fb12000 	C:\windows\SYSTEM32\IPHLPAPI.DLL
0x00007ff9637e0000 - 0x00007ff9637ea000 	C:\windows\System32\NSI.dll
0x00007ff95df80000 - 0x00007ff95dfaf000 	C:\windows\system32\DWMAPI.DLL
0x00007ff8fcad0000 - 0x00007ff8fcbdf000 	C:\windows\system32\opengl32.dll
0x00007ff90c8a0000 - 0x00007ff90c8cd000 	C:\windows\SYSTEM32\GLU32.dll
0x00007ff95ee10000 - 0x00007ff95ee55000 	C:\windows\SYSTEM32\dxcore.dll
0x0000022cc91e0000 - 0x0000022cc91e3000 	C:\Users\estra\.openjfx\cache\21.0.3+2\amd64\api-ms-win-core-console-l1-1-0.dll
0x0000022cc91f0000 - 0x0000022cc91f3000 	C:\Users\estra\.openjfx\cache\21.0.3+2\amd64\api-ms-win-core-console-l1-2-0.dll
0x0000022cc9200000 - 0x0000022cc9203000 	C:\Users\estra\.openjfx\cache\21.0.3+2\amd64\api-ms-win-core-datetime-l1-1-0.dll
0x0000022cc9210000 - 0x0000022cc9213000 	C:\Users\estra\.openjfx\cache\21.0.3+2\amd64\api-ms-win-core-debug-l1-1-0.dll
0x0000022cc9220000 - 0x0000022cc9223000 	C:\Users\estra\.openjfx\cache\21.0.3+2\amd64\api-ms-win-core-errorhandling-l1-1-0.dll
0x0000022cc9230000 - 0x0000022cc9234000 	C:\Users\estra\.openjfx\cache\21.0.3+2\amd64\api-ms-win-core-file-l1-1-0.dll
0x0000022cc9240000 - 0x0000022cc9243000 	C:\Users\estra\.openjfx\cache\21.0.3+2\amd64\api-ms-win-core-file-l1-2-0.dll
0x0000022cc9250000 - 0x0000022cc9253000 	C:\Users\estra\.openjfx\cache\21.0.3+2\amd64\api-ms-win-core-file-l2-1-0.dll
0x0000022cc9260000 - 0x0000022cc9263000 	C:\Users\estra\.openjfx\cache\21.0.3+2\amd64\api-ms-win-core-handle-l1-1-0.dll
0x0000022cc9270000 - 0x0000022cc9273000 	C:\Users\estra\.openjfx\cache\21.0.3+2\amd64\api-ms-win-core-heap-l1-1-0.dll
0x0000022cc9280000 - 0x0000022cc9283000 	C:\Users\estra\.openjfx\cache\21.0.3+2\amd64\api-ms-win-core-interlocked-l1-1-0.dll
0x0000022cc9290000 - 0x0000022cc9293000 	C:\Users\estra\.openjfx\cache\21.0.3+2\amd64\api-ms-win-core-libraryloader-l1-1-0.dll
0x0000022cc92a0000 - 0x0000022cc92a3000 	C:\Users\estra\.openjfx\cache\21.0.3+2\amd64\api-ms-win-core-localization-l1-2-0.dll
0x0000022cc92b0000 - 0x0000022cc92b3000 	C:\Users\estra\.openjfx\cache\21.0.3+2\amd64\api-ms-win-core-memory-l1-1-0.dll
0x0000022cc92c0000 - 0x0000022cc92c3000 	C:\Users\estra\.openjfx\cache\21.0.3+2\amd64\api-ms-win-core-namedpipe-l1-1-0.dll
0x0000022cc92d0000 - 0x0000022cc92d3000 	C:\Users\estra\.openjfx\cache\21.0.3+2\amd64\api-ms-win-core-processenvironment-l1-1-0.dll
0x0000022cc92e0000 - 0x0000022cc92e3000 	C:\Users\estra\.openjfx\cache\21.0.3+2\amd64\api-ms-win-core-processthreads-l1-1-0.dll
0x0000022cc92f0000 - 0x0000022cc92f3000 	C:\Users\estra\.openjfx\cache\21.0.3+2\amd64\api-ms-win-core-processthreads-l1-1-1.dll
0x0000022cc9300000 - 0x0000022cc9303000 	C:\Users\estra\.openjfx\cache\21.0.3+2\amd64\api-ms-win-core-profile-l1-1-0.dll
0x0000022cc9310000 - 0x0000022cc9313000 	C:\Users\estra\.openjfx\cache\21.0.3+2\amd64\api-ms-win-core-rtlsupport-l1-1-0.dll
0x0000022cc9320000 - 0x0000022cc9323000 	C:\Users\estra\.openjfx\cache\21.0.3+2\amd64\api-ms-win-core-string-l1-1-0.dll
0x0000022cc9330000 - 0x0000022cc9333000 	C:\Users\estra\.openjfx\cache\21.0.3+2\amd64\api-ms-win-core-synch-l1-1-0.dll
0x0000022cc9340000 - 0x0000022cc9343000 	C:\Users\estra\.openjfx\cache\21.0.3+2\amd64\api-ms-win-core-synch-l1-2-0.dll
0x0000022cc9350000 - 0x0000022cc9353000 	C:\Users\estra\.openjfx\cache\21.0.3+2\amd64\api-ms-win-core-sysinfo-l1-1-0.dll
0x0000022cc9360000 - 0x0000022cc9363000 	C:\Users\estra\.openjfx\cache\21.0.3+2\amd64\api-ms-win-core-timezone-l1-1-0.dll
0x0000022cc9370000 - 0x0000022cc9373000 	C:\Users\estra\.openjfx\cache\21.0.3+2\amd64\api-ms-win-core-util-l1-1-0.dll
0x0000022cc9380000 - 0x0000022cc9383000 	C:\Users\estra\.openjfx\cache\21.0.3+2\amd64\api-ms-win-crt-conio-l1-1-0.dll
0x0000022cc9390000 - 0x0000022cc9394000 	C:\Users\estra\.openjfx\cache\21.0.3+2\amd64\api-ms-win-crt-convert-l1-1-0.dll
0x0000022cc93a0000 - 0x0000022cc93a3000 	C:\Users\estra\.openjfx\cache\21.0.3+2\amd64\api-ms-win-crt-environment-l1-1-0.dll
0x0000022cc93b0000 - 0x0000022cc93b3000 	C:\Users\estra\.openjfx\cache\21.0.3+2\amd64\api-ms-win-crt-filesystem-l1-1-0.dll
0x0000022cc93c0000 - 0x0000022cc93c3000 	C:\Users\estra\.openjfx\cache\21.0.3+2\amd64\api-ms-win-crt-heap-l1-1-0.dll
0x0000022cc93d0000 - 0x0000022cc93d3000 	C:\Users\estra\.openjfx\cache\21.0.3+2\amd64\api-ms-win-crt-locale-l1-1-0.dll
0x0000022cc93e0000 - 0x0000022cc93e5000 	C:\Users\estra\.openjfx\cache\21.0.3+2\amd64\api-ms-win-crt-math-l1-1-0.dll
0x0000022cc93f0000 - 0x0000022cc93f5000 	C:\Users\estra\.openjfx\cache\21.0.3+2\amd64\api-ms-win-crt-multibyte-l1-1-0.dll
0x0000022cc9400000 - 0x0000022cc9410000 	C:\Users\estra\.openjfx\cache\21.0.3+2\amd64\api-ms-win-crt-private-l1-1-0.dll
0x0000022cc9410000 - 0x0000022cc9413000 	C:\Users\estra\.openjfx\cache\21.0.3+2\amd64\api-ms-win-crt-process-l1-1-0.dll
0x0000022cc9420000 - 0x0000022cc9424000 	C:\Users\estra\.openjfx\cache\21.0.3+2\amd64\api-ms-win-crt-runtime-l1-1-0.dll
0x0000022cc9430000 - 0x0000022cc9434000 	C:\Users\estra\.openjfx\cache\21.0.3+2\amd64\api-ms-win-crt-stdio-l1-1-0.dll
0x0000022cc9440000 - 0x0000022cc9444000 	C:\Users\estra\.openjfx\cache\21.0.3+2\amd64\api-ms-win-crt-string-l1-1-0.dll
0x0000022cc9450000 - 0x0000022cc9453000 	C:\Users\estra\.openjfx\cache\21.0.3+2\amd64\api-ms-win-crt-time-l1-1-0.dll
0x0000022cc9460000 - 0x0000022cc9463000 	C:\Users\estra\.openjfx\cache\21.0.3+2\amd64\api-ms-win-crt-utility-l1-1-0.dll
0x00007ff900310000 - 0x00007ff90040c000 	C:\Users\estra\.openjfx\cache\21.0.3+2\amd64\ucrtbase.dll
0x00007ff92b0f0000 - 0x00007ff92b10b000 	C:\Users\estra\.openjfx\cache\21.0.3+2\amd64\vcruntime140.dll
0x00007ff940590000 - 0x00007ff94059c000 	C:\Users\estra\.openjfx\cache\21.0.3+2\amd64\vcruntime140_1.dll
0x00007ff9000f0000 - 0x00007ff90017e000 	C:\Users\estra\.openjfx\cache\21.0.3+2\amd64\msvcp140.dll
0x00007ff940500000 - 0x00007ff940509000 	C:\Users\estra\.openjfx\cache\21.0.3+2\amd64\msvcp140_1.dll
0x00007ff90fc80000 - 0x00007ff90fcc1000 	C:\Users\estra\.openjfx\cache\21.0.3+2\amd64\msvcp140_2.dll
0x00007ff91b990000 - 0x00007ff91b9c0000 	C:\Users\estra\.openjfx\cache\21.0.3+2\amd64\prism_d3d.dll
0x00007ff91cad0000 - 0x00007ff91cc83000 	C:\windows\system32\d3d9.dll
0x00007ff8c33e0000 - 0x00007ff8c367f000 	C:\windows\System32\DriverStore\FileRepository\iigd_dch.inf_amd64_2a76fcf3e7ab6435\igdumdim64.dll
0x00007ff8c1740000 - 0x00007ff8c33dd000 	C:\windows\System32\DriverStore\FileRepository\iigd_dch.inf_amd64_2a76fcf3e7ab6435\igd9trinity64.dll
0x00007ff95de10000 - 0x00007ff95df4e000 	C:\windows\system32\dxgi.dll
0x00007ff954d30000 - 0x00007ff9552db000 	C:\windows\System32\DriverStore\FileRepository\iigd_dch.inf_amd64_2a76fcf3e7ab6435\igdgmm64.dll
0x00007ff94fa30000 - 0x00007ff954ce4000 	C:\windows\System32\DriverStore\FileRepository\iigd_dch.inf_amd64_2a76fcf3e7ab6435\igc64.dll
0x00007ff948230000 - 0x00007ff94827e000 	C:\windows\SYSTEM32\ControlLib.dll
0x00007ff9617a0000 - 0x00007ff9617f1000 	C:\windows\SYSTEM32\CFGMGR32.dll
0x00007ff925ee0000 - 0x00007ff925f92000 	C:\windows\System32\DriverStore\FileRepository\iigd_dch.inf_amd64_2a76fcf3e7ab6435\IntelControlLib.dll
0x00007ff95b480000 - 0x00007ff95b6e2000 	C:\windows\SYSTEM32\d3d11.dll
0x00007ff959560000 - 0x00007ff9595c1000 	C:\windows\SYSTEM32\directxdatabasehelper.dll
0x00007ff8bffd0000 - 0x00007ff8c173b000 	C:\windows\System32\DriverStore\FileRepository\iigd_dch.inf_amd64_2a76fcf3e7ab6435\igd9dxva64.dll
0x00007ff964c10000 - 0x00007ff965097000 	C:\windows\System32\SETUPAPI.dll
0x00007ff943ae0000 - 0x00007ff945bb3000 	C:\windows\System32\DriverStore\FileRepository\iigd_dch.inf_amd64_2a76fcf3e7ab6435\media_bin_64.dll
0x00007ff90f730000 - 0x00007ff90f772000 	C:\Users\estra\.openjfx\cache\21.0.3+2\amd64\glass.dll
0x00007ff963830000 - 0x00007ff963920000 	C:\windows\System32\COMDLG32.dll
0x00007ff8ff500000 - 0x00007ff8ff6a1000 	C:\windows\System32\DriverStore\FileRepository\iigd_dch.inf_amd64_2a76fcf3e7ab6435\igdml64.dll

dbghelp: loaded successfully - version: 4.0.5 - missing functions: none
symbol engine: initialized successfully - sym options: 0x614 - pdb path: .;C:\Program Files\Greenfoot\jdk\bin;C:\windows\SYSTEM32;C:\windows\WinSxS\amd64_microsoft.windows.common-controls_6595b64144ccf1df_6.0.26100.8457_none_3e0b2faee331e92d;C:\Program Files\Greenfoot\jdk\bin\server;C:\Users\estra\.openjfx\cache\21.0.3+2\amd64;C:\windows\System32\DriverStore\FileRepository\iigd_dch.inf_amd64_2a76fcf3e7ab6435

VM Arguments:
jvm_args: -XX:MaxGCPauseMillis=50 -agentlib:jdwp=transport=dt_shmem,address=javadebug -Dfile.encoding=UTF-8 
java_command: bluej.runtime.ExecServer UTF-8
java_class_path (initial): C:\Program Files\Greenfoot\lib\greenfoot.jar;C:\Program Files\Greenfoot\lib\javafx-base-21.0.3-win.jar;C:\Program Files\Greenfoot\lib\javafx-controls-21.0.3-win.jar;C:\Program Files\Greenfoot\lib\javafx-fxml-21.0.3-win.jar;C:\Program Files\Greenfoot\lib\javafx-graphics-21.0.3-win.jar;C:\Program Files\Greenfoot\lib\javafx-media-21.0.3-win.jar;C:\Program Files\Greenfoot\lib\javafx-swing-21.0.3-win.jar;C:\Program Files\Greenfoot\lib\javafx-web-21.0.3-win.jar;C:\Program Files\Greenfoot\lib\junit-4.12.jar;C:\Program Files\Greenfoot\lib\junit-jupiter-5.5.2.jar;C:\Program Files\Greenfoot\lib\junit-jupiter-api-5.5.2.jar;C:\Program Files\Greenfoot\lib\junit-jupiter-engine-5.5.2.jar;C:\Program Files\Greenfoot\lib\junit-jupiter-params-5.5.2.jar;C:\Program Files\Greenfoot\lib\junit-platform-commons-1.5.2.jar;C:\Program Files\Greenfoot\lib\junit-platform-engine-1.5.2.jar;C:\Program Files\Greenfoot\lib\junit-platform-launcher-1.5.2.jar;C:\Program Files\Greenfoot\lib\junit-platform-suite-api-1.5.2.jar;C:\Program Files\Greenfoot\lib\junit-vintage-engine-5.5.2.jar;C:\Program Files\Greenfoot\lib\hamcrest-core-1.3.jar;C:\Program Files\Greenfoot\lib\opentest4j-1.2.0.jar;C:\Program Files\Greenfoot\lib\bluej.jar;C:\Program Files\Greenfoot\lib\classgraph-4.8.90.jar;C:\Program Files\Greenfoot\lib\diffutils-1.2.1.jar;C:\Program Files\Greenfoot\lib\commons-logging-1.2.jar;C:\Program Files\Greenfoot\lib\jl1.0.1.jar;C:\Program Files\Greenfoot\lib\opencsv-2.3.jar;C:\Program Files\Greenfoot\lib\opencsv-2.4.jar;C:\Program Files\Greenfoot\lib\xom-1.3.9.jar;C:\Program Files\Greenfoot\lib\lang-stride.jar;C:\Program Files\Greenfoot\lib\nsmenufx-3.1.0.jar;C:\Program Files\Greenfoot\lib\wellbehavedfx-0.3.3.jar;C:\Program Files\Greenfoot\lib\guava-33.3.1-jre.jar;C:\Program Files\Greenfoot\lib\failureaccess-1.0.2.jar;C:\Program Files\Greenfoot\lib\simple-png-0.2.0.jar;C:\Program Files\Greenfoot\lib\simple-png-javafx-0.2.0.jar;C:\Program Files\Greenfoot\lib\httpclient-4.5.13.jar;C:\Program Files\Greenfoot\lib\httpcore-4.4.13.jar;C:\Program Files\Greenfoot\lib\httpmime-4.1.1.jar;C:\Program Files\Greenfoot\lib\javafx\javafx.base.jar;C:\Program Files\Greenfoot\lib\javafx\javafx.controls.jar;C:\Program Files\Greenfoot\lib\javafx\javafx.fxml.jar;C:\Program Files\Greenfoot\lib\javafx\javafx.graphics.jar;C:\Program Files\Greenfoot\lib\javafx\javafx.media.jar;C:\Program Files\Greenfoot\lib\javafx\javafx.properties.jar;C:\Program Files\Greenfoot\lib\javafx\javafx.swing.jar;C:\Program Files\Greenfoot\lib\javafx\javafx.web.jar
Launcher Type: SUN_STANDARD

[Global flags]
     intx CICompilerCount                          = 12                                        {product} {ergonomic}
     uint ConcGCThreads                            = 3                                         {product} {ergonomic}
     uint G1ConcRefinementThreads                  = 13                                        {product} {ergonomic}
   size_t G1HeapRegionSize                         = 2097152                                   {product} {ergonomic}
    uintx GCDrainStackTargetSize                   = 64                                        {product} {ergonomic}
   size_t InitialHeapSize                          = 264241152                                 {product} {ergonomic}
   size_t MarkStackSize                            = 4194304                                   {product} {ergonomic}
    uintx MaxGCPauseMillis                         = 50                                        {product} {command line}
   size_t MaxHeapSize                              = 4217372672                                {product} {ergonomic}
   size_t MaxNewSize                               = 2529165312                                {product} {ergonomic}
   size_t MinHeapDeltaBytes                        = 2097152                                   {product} {ergonomic}
   size_t MinHeapSize                              = 8388608                                   {product} {ergonomic}
    uintx NonNMethodCodeHeapSize                   = 7602480                                {pd product} {ergonomic}
    uintx NonProfiledCodeHeapSize                  = 122027880                              {pd product} {ergonomic}
    uintx ProfiledCodeHeapSize                     = 122027880                              {pd product} {ergonomic}
    uintx ReservedCodeCacheSize                    = 251658240                              {pd product} {ergonomic}
     bool SegmentedCodeCache                       = true                                      {product} {ergonomic}
   size_t SoftMaxHeapSize                          = 4217372672                             {manageable} {ergonomic}
     bool UseCompressedOops                        = true                           {product lp64_product} {ergonomic}
     bool UseG1GC                                  = true                                      {product} {ergonomic}
     bool UseLargePagesIndividualAllocation        = false                                  {pd product} {ergonomic}

Logging:
Log output configuration:
 #0: stdout all=warning uptime,level,tags foldmultilines=false
 #1: stderr all=off uptime,level,tags foldmultilines=false

Environment Variables:
PATH=C:\windows\system32;C:\windows;C:\windows\System32\Wbem;C:\windows\System32\WindowsPowerShell\v1.0\;C:\windows\System32\OpenSSH\;C:\Program Files (x86)\NVIDIA Corporation\PhysX\Common;C:\Program Files\dotnet\;C:\Program Files\NVIDIA Corporation\NVIDIA App\NvDLISR;C:\Users\estra\AppData\Local\Microsoft\WindowsApps;C:\Users\estra\AppData\Local\Programs\Microsoft VS Code\bin;C:\Users\estra\AppData\Local\Python\bin;C:\Users\estra\AppData\Local\Microsoft\WindowsApps\;
USERNAME=estra
OS=Windows_NT
PROCESSOR_IDENTIFIER=Intel64 Family 6 Model 186 Stepping 2, GenuineIntel
TMP=C:\Users\estra\AppData\Local\Temp
TEMP=C:\Users\estra\AppData\Local\Temp




Periodic native trim disabled

---------------  S Y S T E M  ---------------

OS:
 Windows 11 , 64 bit Build 26100 (10.0.26100.8328)
OS uptime: 2 days 1:09 hours
Hyper-V role detected

CPU: total 16 (initial active 16) (8 cores per cpu, 2 threads per core) family 6 model 186 stepping 2 microcode 0x6134, cx8, cmov, fxsr, ht, mmx, 3dnowpref, sse, sse2, sse3, ssse3, sse4.1, sse4.2, popcnt, lzcnt, tsc, tscinvbit, avx, avx2, aes, erms, clmul, bmi1, bmi2, adx, sha, fma, vzeroupper, clflush, clflushopt, clwb, hv, serialize, rdtscp, rdpid, fsrm, f16c, cet_ibt, cet_ss
Processor Information for processor 0
  Max Mhz: 2500, Current Mhz: 2500, Mhz Limit: 2500
Processor Information for processor 1
  Max Mhz: 2500, Current Mhz: 2500, Mhz Limit: 2500
Processor Information for processor 2
  Max Mhz: 2500, Current Mhz: 2500, Mhz Limit: 2500
Processor Information for processor 3
  Max Mhz: 2500, Current Mhz: 2500, Mhz Limit: 2500
Processor Information for processor 4
  Max Mhz: 2500, Current Mhz: 2500, Mhz Limit: 2500
Processor Information for processor 5
  Max Mhz: 2500, Current Mhz: 2500, Mhz Limit: 2500
Processor Information for processor 6
  Max Mhz: 2500, Current Mhz: 2500, Mhz Limit: 2500
Processor Information for processor 7
  Max Mhz: 2500, Current Mhz: 2500, Mhz Limit: 2500
Processor Information for processor 8
  Max Mhz: 2500, Current Mhz: 2500, Mhz Limit: 2500
Processor Information for processor 9
  Max Mhz: 2500, Current Mhz: 2500, Mhz Limit: 2500
Processor Information for processor 10
  Max Mhz: 2500, Current Mhz: 2500, Mhz Limit: 2500
Processor Information for processor 11
  Max Mhz: 2500, Current Mhz: 2500, Mhz Limit: 2500
Processor Information for processor 12
  Max Mhz: 2500, Current Mhz: 2500, Mhz Limit: 2500
Processor Information for processor 13
  Max Mhz: 2500, Current Mhz: 2500, Mhz Limit: 2500
Processor Information for processor 14
  Max Mhz: 2500, Current Mhz: 2500, Mhz Limit: 2500
Processor Information for processor 15
  Max Mhz: 2500, Current Mhz: 1527, Mhz Limit: 2500

Memory: 4k page, system-wide physical 16084M (2995M free)
TotalPageFile size 23508M (AvailPageFile size 6994M)
current process WorkingSet (physical memory assigned to process): 137M, peak: 143M
current process commit charge ("private bytes"): 199M, peak: 453M

vm_info: OpenJDK 64-Bit Server VM (21.0.4+7-LTS) for windows-amd64 JRE (21.0.4+7-LTS), built on 2024-07-16T00:00:00Z by "admin" with MS VC++ 17.7 (VS2022)

END.
